2020-03-30 05:27:48 [INFO ]  ======================================== 2020-03-30 05:27:48 ========================================
2020-03-30 05:27:48 [INFO ]  Base directory is text_results/birnn_vis_sst/distill_basic/sst5/arch(RNN1,xavier,1.0)_distillLR0.5_E(200,30,0.5)_lr0.1_B20x1x1_train(known_init)
2020-03-30 05:27:49 [INFO ]  Options: 
2020-03-30 05:27:49 [INFO ]  	add_first: true
2020-03-30 05:27:49 [INFO ]  	add_label_scaling: 0
2020-03-30 05:27:49 [INFO ]  	arch: RNN1
2020-03-30 05:27:49 [INFO ]  	attack_class: 0
2020-03-30 05:27:49 [INFO ]  	base_seed: 1
2020-03-30 05:27:49 [INFO ]  	batch_size: 1024
2020-03-30 05:27:49 [INFO ]  	checkpoint_interval: 10
2020-03-30 05:27:49 [INFO ]  	dataset: sst5
2020-03-30 05:27:49 [INFO ]  	dataset_labels:
2020-03-30 05:27:49 [INFO ]  	- 0
2020-03-30 05:27:49 [INFO ]  	- 1
2020-03-30 05:27:49 [INFO ]  	- 2
2020-03-30 05:27:49 [INFO ]  	- 3
2020-03-30 05:27:49 [INFO ]  	- 4
2020-03-30 05:27:49 [INFO ]  	dataset_normalization: !!python/tuple
2020-03-30 05:27:49 [INFO ]  	- !!python/tuple
2020-03-30 05:27:49 [INFO ]  	    - 0
2020-03-30 05:27:49 [INFO ]  	- !!python/tuple
2020-03-30 05:27:49 [INFO ]  	    - 0
2020-03-30 05:27:49 [INFO ]  	dataset_root: ./data/text/sst
2020-03-30 05:27:49 [INFO ]  	decay_epochs: 30
2020-03-30 05:27:49 [INFO ]  	decay_factor: 0.5
2020-03-30 05:27:49 [INFO ]  	device_id: 0
2020-03-30 05:27:49 [INFO ]  	dist_metric: MSE
2020-03-30 05:27:49 [INFO ]  	distill_epochs: 1
2020-03-30 05:27:49 [INFO ]  	distill_lr: 0.5
2020-03-30 05:27:49 [INFO ]  	distill_steps: 1
2020-03-30 05:27:49 [INFO ]  	distilled_images_per_class_per_step: 20
2020-03-30 05:27:49 [INFO ]  	distributed: false
2020-03-30 05:27:49 [INFO ]  	dropout: false
2020-03-30 05:27:49 [INFO ]  	epochs: 200
2020-03-30 05:27:49 [INFO ]  	expr_name_format: null
2020-03-30 05:27:49 [INFO ]  	freeze_data: false
2020-03-30 05:27:49 [INFO ]  	image_dpi: 80
2020-03-30 05:27:49 [INFO ]  	init: xavier
2020-03-30 05:27:49 [INFO ]  	init_labels:
2020-03-30 05:27:49 [INFO ]  	- 0
2020-03-30 05:27:49 [INFO ]  	- 1
2020-03-30 05:27:49 [INFO ]  	- 2
2020-03-30 05:27:49 [INFO ]  	- 3
2020-03-30 05:27:49 [INFO ]  	- 4
2020-03-30 05:27:49 [INFO ]  	init_param: 1.0
2020-03-30 05:27:49 [INFO ]  	input_size: 30
2020-03-30 05:27:49 [INFO ]  	invert_dist: false
2020-03-30 05:27:49 [INFO ]  	label_softmax: false
2020-03-30 05:27:49 [INFO ]  	learnable_embedding: false
2020-03-30 05:27:49 [INFO ]  	log_file: text_results/birnn_vis_sst/distill_basic/sst5/arch(RNN1,xavier,1.0)_distillLR0.5_E(200,30,0.5)_lr0.1_B20x1x1_train(known_init)/output.log
2020-03-30 05:27:49 [INFO ]  	log_interval: 100
2020-03-30 05:27:49 [INFO ]  	log_level: INFO
2020-03-30 05:27:49 [INFO ]  	lr: 0.1
2020-03-30 05:27:49 [INFO ]  	maxlen: 30
2020-03-30 05:27:49 [INFO ]  	mode: distill_basic
2020-03-30 05:27:49 [INFO ]  	model_dir: ./models/
2020-03-30 05:27:49 [INFO ]  	model_subdir_format: null
2020-03-30 05:27:49 [INFO ]  	mult_label_scaling: 1
2020-03-30 05:27:49 [INFO ]  	n_nets: 1
2020-03-30 05:27:49 [INFO ]  	nc: 1
2020-03-30 05:27:49 [INFO ]  	ninp: 100
2020-03-30 05:27:49 [INFO ]  	no_log: false
2020-03-30 05:27:49 [INFO ]  	ntoken: 10000
2020-03-30 05:27:49 [INFO ]  	num_classes: 5
2020-03-30 05:27:49 [INFO ]  	num_distill_classes: 5
2020-03-30 05:27:49 [INFO ]  	num_workers: 8
2020-03-30 05:27:49 [INFO ]  	phase: train
2020-03-30 05:27:49 [INFO ]  	random_init_labels: ''
2020-03-30 05:27:49 [INFO ]  	reproduction_test: false
2020-03-30 05:27:49 [INFO ]  	results_dir: text_results/birnn_vis_sst
2020-03-30 05:27:49 [INFO ]  	sample_n_nets: 1
2020-03-30 05:27:49 [INFO ]  	source_dataset: null
2020-03-30 05:27:49 [INFO ]  	start_time: '2020-03-30 05:27:48'
2020-03-30 05:27:49 [INFO ]  	static_labels: 0
2020-03-30 05:27:49 [INFO ]  	target_class: 1
2020-03-30 05:27:49 [INFO ]  	test_batch_size: 1024
2020-03-30 05:27:49 [INFO ]  	test_distill_epochs: null
2020-03-30 05:27:49 [INFO ]  	test_distilled_images: loaded
2020-03-30 05:27:49 [INFO ]  	test_distilled_lrs:
2020-03-30 05:27:49 [INFO ]  	- loaded
2020-03-30 05:27:49 [INFO ]  	test_n_nets: 1
2020-03-30 05:27:49 [INFO ]  	test_n_runs: 1
2020-03-30 05:27:49 [INFO ]  	test_name_format: null
2020-03-30 05:27:49 [INFO ]  	test_nets_type: same_as_train
2020-03-30 05:27:49 [INFO ]  	test_niter: 1
2020-03-30 05:27:49 [INFO ]  	test_optimize_n_nets: 20
2020-03-30 05:27:49 [INFO ]  	test_optimize_n_runs: null
2020-03-30 05:27:49 [INFO ]  	textdata: true
2020-03-30 05:27:49 [INFO ]  	train_nets_type: known_init
2020-03-30 05:27:49 [INFO ]  	visualize: true
2020-03-30 05:27:49 [INFO ]  	world_rank: 0
2020-03-30 05:27:49 [INFO ]  	world_size: 1
2020-03-30 05:27:49 [INFO ]  	
2020-03-30 05:27:51 [INFO ]  Loading vectors from .vector_cache/glove.6B.100d.txt_10000.pt
2020-03-30 05:27:53 [INFO ]  Loading vectors from .vector_cache/glove.6B.100d.txt_10000.pt
2020-03-30 05:27:53 [INFO ]  train dataset size:	8544
2020-03-30 05:27:53 [INFO ]  test dataset size: 	2210
2020-03-30 05:27:53 [INFO ]  datasets built!
2020-03-30 05:27:53 [INFO ]  mode: distill_basic, phase: train
2020-03-30 05:27:53 [INFO ]  Build 1 RNN1 network(s) with [xavier(1.0)] init
2020-03-30 05:27:56 [INFO ]  Train 1 steps iterated for 1 epochs
2020-03-30 05:28:21 [INFO ]  Results saved to text_results/birnn_vis_sst/distill_basic/sst5/arch(RNN1,xavier,1.0)_distillLR0.5_E(200,30,0.5)_lr0.1_B20x1x1_train(known_init)/checkpoints/epoch0000/results.pth
2020-03-30 05:28:21 [INFO ]  
2020-03-30 05:28:21 [INFO ]  Begin of epoch 0 :
2020-03-30 05:28:21 [INFO ]  Begin of epoch 0  (1 same_as_train nets) test results: 
2020-03-30 05:28:21 [INFO ]  	          STEP                   ACCURACY                   LOSS          
2020-03-30 05:28:21 [INFO ]  	            before steps          28.0273 ±  nan%            1.6043 ±  nan
2020-03-30 05:28:21 [INFO ]  	     step  1 (lr=0.5000)          28.4180 ±  nan%            1.6041 ±  nan
2020-03-30 05:28:21 [INFO ]  
2020-03-30 05:28:21 [INFO ]  Epoch:    0 [      0/   8544 ( 0%)]	Loss: 1.6031	Data Time: 0.11s	Train Time: 0.18s
2020-03-30 05:28:23 [INFO ]  Epoch:    1 [      0/   8544 ( 0%)]	Loss: 1.5645	Data Time: 0.02s	Train Time: 0.16s
2020-03-30 05:28:24 [INFO ]  Epoch:    2 [      0/   8544 ( 0%)]	Loss: 1.5612	Data Time: 0.02s	Train Time: 0.16s
2020-03-30 05:28:26 [INFO ]  Epoch:    3 [      0/   8544 ( 0%)]	Loss: 1.5740	Data Time: 0.02s	Train Time: 0.16s
2020-03-30 05:28:27 [INFO ]  Epoch:    4 [      0/   8544 ( 0%)]	Loss: 1.5638	Data Time: 0.02s	Train Time: 0.16s
2020-03-30 05:28:29 [INFO ]  Epoch:    5 [      0/   8544 ( 0%)]	Loss: 1.5616	Data Time: 0.02s	Train Time: 0.16s
2020-03-30 05:28:31 [INFO ]  Epoch:    6 [      0/   8544 ( 0%)]	Loss: 1.5566	Data Time: 0.02s	Train Time: 0.16s
2020-03-30 05:28:32 [INFO ]  Epoch:    7 [      0/   8544 ( 0%)]	Loss: 1.5559	Data Time: 0.02s	Train Time: 0.16s
2020-03-30 05:28:34 [INFO ]  Epoch:    8 [      0/   8544 ( 0%)]	Loss: 1.5434	Data Time: 0.02s	Train Time: 0.16s
2020-03-30 05:28:35 [INFO ]  Epoch:    9 [      0/   8544 ( 0%)]	Loss: 1.5515	Data Time: 0.02s	Train Time: 0.16s
2020-03-30 05:29:01 [INFO ]  Results saved to text_results/birnn_vis_sst/distill_basic/sst5/arch(RNN1,xavier,1.0)_distillLR0.5_E(200,30,0.5)_lr0.1_B20x1x1_train(known_init)/checkpoints/epoch0010/results.pth
2020-03-30 05:29:01 [INFO ]  
2020-03-30 05:29:01 [INFO ]  Begin of epoch 10 :
2020-03-30 05:29:01 [INFO ]  Begin of epoch 10  (1 same_as_train nets) test results: 
2020-03-30 05:29:01 [INFO ]  	          STEP                   ACCURACY                   LOSS          
2020-03-30 05:29:01 [INFO ]  	            before steps          28.1250 ±  nan%            1.6043 ±  nan
2020-03-30 05:29:01 [INFO ]  	     step  1 (lr=0.7974)          32.1289 ±  nan%            1.5587 ±  nan
2020-03-30 05:29:01 [INFO ]  
2020-03-30 05:29:01 [INFO ]  Epoch:   10 [      0/   8544 ( 0%)]	Loss: 1.5630	Data Time: 0.02s	Train Time: 0.17s
2020-03-30 05:29:03 [INFO ]  Epoch:   11 [      0/   8544 ( 0%)]	Loss: 1.5384	Data Time: 0.02s	Train Time: 0.16s
2020-03-30 05:29:05 [INFO ]  Epoch:   12 [      0/   8544 ( 0%)]	Loss: 1.5703	Data Time: 0.02s	Train Time: 0.16s
2020-03-30 05:29:06 [INFO ]  Epoch:   13 [      0/   8544 ( 0%)]	Loss: 1.5525	Data Time: 0.02s	Train Time: 0.16s
2020-03-30 05:29:08 [INFO ]  Epoch:   14 [      0/   8544 ( 0%)]	Loss: 1.5450	Data Time: 0.02s	Train Time: 0.16s
2020-03-30 05:29:09 [INFO ]  Epoch:   15 [      0/   8544 ( 0%)]	Loss: 1.5308	Data Time: 0.02s	Train Time: 0.16s
2020-03-30 05:29:11 [INFO ]  Epoch:   16 [      0/   8544 ( 0%)]	Loss: 1.5325	Data Time: 0.02s	Train Time: 0.16s
2020-03-30 05:29:12 [INFO ]  Epoch:   17 [      0/   8544 ( 0%)]	Loss: 1.5419	Data Time: 0.02s	Train Time: 0.16s
2020-03-30 05:29:14 [INFO ]  Epoch:   18 [      0/   8544 ( 0%)]	Loss: 1.5247	Data Time: 0.02s	Train Time: 0.16s
2020-03-30 05:29:15 [INFO ]  Epoch:   19 [      0/   8544 ( 0%)]	Loss: 1.5501	Data Time: 0.02s	Train Time: 0.16s
2020-03-30 05:29:42 [INFO ]  Results saved to text_results/birnn_vis_sst/distill_basic/sst5/arch(RNN1,xavier,1.0)_distillLR0.5_E(200,30,0.5)_lr0.1_B20x1x1_train(known_init)/checkpoints/epoch0020/results.pth
2020-03-30 05:29:42 [INFO ]  
2020-03-30 05:29:42 [INFO ]  Begin of epoch 20 :
2020-03-30 05:29:42 [INFO ]  Begin of epoch 20  (1 same_as_train nets) test results: 
2020-03-30 05:29:42 [INFO ]  	          STEP                   ACCURACY                   LOSS          
2020-03-30 05:29:42 [INFO ]  	            before steps          30.0781 ±  nan%            1.6034 ±  nan
2020-03-30 05:29:42 [INFO ]  	     step  1 (lr=0.9558)          29.2969 ±  nan%            1.5535 ±  nan
2020-03-30 05:29:42 [INFO ]  
2020-03-30 05:29:42 [INFO ]  Epoch:   20 [      0/   8544 ( 0%)]	Loss: 1.5592	Data Time: 0.02s	Train Time: 0.16s
2020-03-30 05:29:44 [INFO ]  Epoch:   21 [      0/   8544 ( 0%)]	Loss: 1.5404	Data Time: 0.02s	Train Time: 0.16s
2020-03-30 05:29:45 [INFO ]  Epoch:   22 [      0/   8544 ( 0%)]	Loss: 1.5298	Data Time: 0.02s	Train Time: 0.16s
2020-03-30 05:29:47 [INFO ]  Epoch:   23 [      0/   8544 ( 0%)]	Loss: 1.5284	Data Time: 0.02s	Train Time: 0.16s
2020-03-30 05:29:49 [INFO ]  Epoch:   24 [      0/   8544 ( 0%)]	Loss: 1.5164	Data Time: 0.02s	Train Time: 0.16s
2020-03-30 05:29:50 [INFO ]  Epoch:   25 [      0/   8544 ( 0%)]	Loss: 1.5338	Data Time: 0.02s	Train Time: 0.16s
2020-03-30 05:29:52 [INFO ]  Epoch:   26 [      0/   8544 ( 0%)]	Loss: 1.5214	Data Time: 0.02s	Train Time: 0.16s
2020-03-30 05:29:53 [INFO ]  Epoch:   27 [      0/   8544 ( 0%)]	Loss: 1.5591	Data Time: 0.02s	Train Time: 0.16s
2020-03-30 05:29:55 [INFO ]  Epoch:   28 [      0/   8544 ( 0%)]	Loss: 1.5202	Data Time: 0.02s	Train Time: 0.16s
2020-03-30 05:29:56 [INFO ]  Epoch:   29 [      0/   8544 ( 0%)]	Loss: 1.5619	Data Time: 0.02s	Train Time: 0.16s
2020-03-30 05:30:23 [INFO ]  Results saved to text_results/birnn_vis_sst/distill_basic/sst5/arch(RNN1,xavier,1.0)_distillLR0.5_E(200,30,0.5)_lr0.1_B20x1x1_train(known_init)/checkpoints/epoch0030/results.pth
2020-03-30 05:30:23 [INFO ]  
2020-03-30 05:30:23 [INFO ]  Begin of epoch 30 :
2020-03-30 05:30:23 [INFO ]  Begin of epoch 30  (1 same_as_train nets) test results: 
2020-03-30 05:30:23 [INFO ]  	          STEP                   ACCURACY                   LOSS          
2020-03-30 05:30:23 [INFO ]  	            before steps          29.2969 ±  nan%            1.6036 ±  nan
2020-03-30 05:30:23 [INFO ]  	     step  1 (lr=0.9047)          29.8828 ±  nan%            1.5493 ±  nan
2020-03-30 05:30:23 [INFO ]  
2020-03-30 05:30:23 [INFO ]  Epoch:   30 [      0/   8544 ( 0%)]	Loss: 1.5241	Data Time: 0.02s	Train Time: 0.16s
2020-03-30 05:30:25 [INFO ]  Epoch:   31 [      0/   8544 ( 0%)]	Loss: 1.5079	Data Time: 0.02s	Train Time: 0.16s
2020-03-30 05:30:26 [INFO ]  Epoch:   32 [      0/   8544 ( 0%)]	Loss: 1.5026	Data Time: 0.02s	Train Time: 0.16s
2020-03-30 05:30:28 [INFO ]  Epoch:   33 [      0/   8544 ( 0%)]	Loss: 1.5272	Data Time: 0.02s	Train Time: 0.16s
2020-03-30 05:30:29 [INFO ]  Epoch:   34 [      0/   8544 ( 0%)]	Loss: 1.5113	Data Time: 0.02s	Train Time: 0.16s
2020-03-30 05:30:31 [INFO ]  Epoch:   35 [      0/   8544 ( 0%)]	Loss: 1.5106	Data Time: 0.02s	Train Time: 0.16s
2020-03-30 05:30:33 [INFO ]  Epoch:   36 [      0/   8544 ( 0%)]	Loss: 1.4843	Data Time: 0.02s	Train Time: 0.16s
2020-03-30 05:30:34 [INFO ]  Epoch:   37 [      0/   8544 ( 0%)]	Loss: 1.4983	Data Time: 0.02s	Train Time: 0.16s
2020-03-30 05:30:36 [INFO ]  Epoch:   38 [      0/   8544 ( 0%)]	Loss: 1.4833	Data Time: 0.02s	Train Time: 0.16s
2020-03-30 05:30:37 [INFO ]  Epoch:   39 [      0/   8544 ( 0%)]	Loss: 1.4841	Data Time: 0.02s	Train Time: 0.16s
2020-03-30 05:31:04 [INFO ]  Results saved to text_results/birnn_vis_sst/distill_basic/sst5/arch(RNN1,xavier,1.0)_distillLR0.5_E(200,30,0.5)_lr0.1_B20x1x1_train(known_init)/checkpoints/epoch0040/results.pth
2020-03-30 05:31:04 [INFO ]  
2020-03-30 05:31:04 [INFO ]  Begin of epoch 40 :
2020-03-30 05:31:04 [INFO ]  Begin of epoch 40  (1 same_as_train nets) test results: 
2020-03-30 05:31:04 [INFO ]  	          STEP                   ACCURACY                   LOSS          
2020-03-30 05:31:04 [INFO ]  	            before steps          30.5664 ±  nan%            1.6025 ±  nan
2020-03-30 05:31:04 [INFO ]  	     step  1 (lr=1.1904)          32.2266 ±  nan%            1.5144 ±  nan
2020-03-30 05:31:04 [INFO ]  
2020-03-30 05:31:04 [INFO ]  Epoch:   40 [      0/   8544 ( 0%)]	Loss: 1.4745	Data Time: 0.02s	Train Time: 0.16s
2020-03-30 05:31:05 [INFO ]  Epoch:   41 [      0/   8544 ( 0%)]	Loss: 1.5003	Data Time: 0.02s	Train Time: 0.16s
2020-03-30 05:31:07 [INFO ]  Epoch:   42 [      0/   8544 ( 0%)]	Loss: 1.5209	Data Time: 0.02s	Train Time: 0.16s
2020-03-30 05:31:09 [INFO ]  Epoch:   43 [      0/   8544 ( 0%)]	Loss: 1.5185	Data Time: 0.02s	Train Time: 0.16s
2020-03-30 05:31:10 [INFO ]  Epoch:   44 [      0/   8544 ( 0%)]	Loss: 1.5390	Data Time: 0.02s	Train Time: 0.16s
2020-03-30 05:31:12 [INFO ]  Epoch:   45 [      0/   8544 ( 0%)]	Loss: 1.4825	Data Time: 0.02s	Train Time: 0.16s
2020-03-30 05:31:13 [INFO ]  Epoch:   46 [      0/   8544 ( 0%)]	Loss: 1.4933	Data Time: 0.02s	Train Time: 0.16s
2020-03-30 05:31:15 [INFO ]  Epoch:   47 [      0/   8544 ( 0%)]	Loss: 1.4785	Data Time: 0.02s	Train Time: 0.16s
2020-03-30 05:31:16 [INFO ]  Epoch:   48 [      0/   8544 ( 0%)]	Loss: 1.4991	Data Time: 0.02s	Train Time: 0.16s
2020-03-30 05:31:18 [INFO ]  Epoch:   49 [      0/   8544 ( 0%)]	Loss: 1.4980	Data Time: 0.02s	Train Time: 0.16s
2020-03-30 05:31:44 [INFO ]  Results saved to text_results/birnn_vis_sst/distill_basic/sst5/arch(RNN1,xavier,1.0)_distillLR0.5_E(200,30,0.5)_lr0.1_B20x1x1_train(known_init)/checkpoints/epoch0050/results.pth
2020-03-30 05:31:44 [INFO ]  
2020-03-30 05:31:44 [INFO ]  Begin of epoch 50 :
2020-03-30 05:31:44 [INFO ]  Begin of epoch 50  (1 same_as_train nets) test results: 
2020-03-30 05:31:44 [INFO ]  	          STEP                   ACCURACY                   LOSS          
2020-03-30 05:31:44 [INFO ]  	            before steps          29.5898 ±  nan%            1.6031 ±  nan
2020-03-30 05:31:44 [INFO ]  	     step  1 (lr=1.2701)          35.3516 ±  nan%            1.5258 ±  nan
2020-03-30 05:31:44 [INFO ]  
2020-03-30 05:31:44 [INFO ]  Epoch:   50 [      0/   8544 ( 0%)]	Loss: 1.5151	Data Time: 0.02s	Train Time: 0.16s
2020-03-30 05:31:46 [INFO ]  Epoch:   51 [      0/   8544 ( 0%)]	Loss: 1.4865	Data Time: 0.02s	Train Time: 0.16s
2020-03-30 05:31:47 [INFO ]  Epoch:   52 [      0/   8544 ( 0%)]	Loss: 1.5068	Data Time: 0.02s	Train Time: 0.16s
2020-03-30 05:31:49 [INFO ]  Epoch:   53 [      0/   8544 ( 0%)]	Loss: 1.5327	Data Time: 0.02s	Train Time: 0.16s
2020-03-30 05:31:50 [INFO ]  Epoch:   54 [      0/   8544 ( 0%)]	Loss: 1.4948	Data Time: 0.02s	Train Time: 0.16s
2020-03-30 05:31:52 [INFO ]  Epoch:   55 [      0/   8544 ( 0%)]	Loss: 1.5058	Data Time: 0.02s	Train Time: 0.16s
2020-03-30 05:31:54 [INFO ]  Epoch:   56 [      0/   8544 ( 0%)]	Loss: 1.4958	Data Time: 0.02s	Train Time: 0.16s
2020-03-30 05:31:55 [INFO ]  Epoch:   57 [      0/   8544 ( 0%)]	Loss: 1.4821	Data Time: 0.02s	Train Time: 0.16s
2020-03-30 05:31:57 [INFO ]  Epoch:   58 [      0/   8544 ( 0%)]	Loss: 1.4831	Data Time: 0.02s	Train Time: 0.16s
2020-03-30 05:31:58 [INFO ]  Epoch:   59 [      0/   8544 ( 0%)]	Loss: 1.4713	Data Time: 0.02s	Train Time: 0.16s
2020-03-30 05:32:25 [INFO ]  Results saved to text_results/birnn_vis_sst/distill_basic/sst5/arch(RNN1,xavier,1.0)_distillLR0.5_E(200,30,0.5)_lr0.1_B20x1x1_train(known_init)/checkpoints/epoch0060/results.pth
2020-03-30 05:32:25 [INFO ]  
2020-03-30 05:32:25 [INFO ]  Begin of epoch 60 :
2020-03-30 05:32:25 [INFO ]  Begin of epoch 60  (1 same_as_train nets) test results: 
2020-03-30 05:32:25 [INFO ]  	          STEP                   ACCURACY                   LOSS          
2020-03-30 05:32:25 [INFO ]  	            before steps          28.1250 ±  nan%            1.6041 ±  nan
2020-03-30 05:32:25 [INFO ]  	     step  1 (lr=1.2512)          35.8398 ±  nan%            1.5058 ±  nan
2020-03-30 05:32:25 [INFO ]  
2020-03-30 05:32:25 [INFO ]  Epoch:   60 [      0/   8544 ( 0%)]	Loss: 1.4746	Data Time: 0.02s	Train Time: 0.16s
2020-03-30 05:32:26 [INFO ]  Epoch:   61 [      0/   8544 ( 0%)]	Loss: 1.4546	Data Time: 0.02s	Train Time: 0.16s
2020-03-30 05:32:28 [INFO ]  Epoch:   62 [      0/   8544 ( 0%)]	Loss: 1.4656	Data Time: 0.02s	Train Time: 0.16s
2020-03-30 05:32:30 [INFO ]  Epoch:   63 [      0/   8544 ( 0%)]	Loss: 1.4709	Data Time: 0.02s	Train Time: 0.16s
2020-03-30 05:32:31 [INFO ]  Epoch:   64 [      0/   8544 ( 0%)]	Loss: 1.4746	Data Time: 0.02s	Train Time: 0.16s
2020-03-30 05:32:33 [INFO ]  Epoch:   65 [      0/   8544 ( 0%)]	Loss: 1.4854	Data Time: 0.02s	Train Time: 0.16s
2020-03-30 05:32:34 [INFO ]  Epoch:   66 [      0/   8544 ( 0%)]	Loss: 1.4686	Data Time: 0.02s	Train Time: 0.16s
2020-03-30 05:32:36 [INFO ]  Epoch:   67 [      0/   8544 ( 0%)]	Loss: 1.4707	Data Time: 0.02s	Train Time: 0.16s
2020-03-30 05:32:37 [INFO ]  Epoch:   68 [      0/   8544 ( 0%)]	Loss: 1.4998	Data Time: 0.02s	Train Time: 0.16s
2020-03-30 05:32:39 [INFO ]  Epoch:   69 [      0/   8544 ( 0%)]	Loss: 1.4733	Data Time: 0.02s	Train Time: 0.16s
2020-03-30 05:33:05 [INFO ]  Results saved to text_results/birnn_vis_sst/distill_basic/sst5/arch(RNN1,xavier,1.0)_distillLR0.5_E(200,30,0.5)_lr0.1_B20x1x1_train(known_init)/checkpoints/epoch0070/results.pth
2020-03-30 05:33:05 [INFO ]  
2020-03-30 05:33:05 [INFO ]  Begin of epoch 70 :
2020-03-30 05:33:06 [INFO ]  Begin of epoch 70  (1 same_as_train nets) test results: 
2020-03-30 05:33:06 [INFO ]  	          STEP                   ACCURACY                   LOSS          
2020-03-30 05:33:06 [INFO ]  	            before steps          29.6875 ±  nan%            1.6041 ±  nan
2020-03-30 05:33:06 [INFO ]  	     step  1 (lr=1.3352)          36.3281 ±  nan%            1.4888 ±  nan
2020-03-30 05:33:06 [INFO ]  
2020-03-30 05:33:06 [INFO ]  Epoch:   70 [      0/   8544 ( 0%)]	Loss: 1.4768	Data Time: 0.02s	Train Time: 0.16s
2020-03-30 05:33:07 [INFO ]  Epoch:   71 [      0/   8544 ( 0%)]	Loss: 1.4727	Data Time: 0.02s	Train Time: 0.16s
2020-03-30 05:33:09 [INFO ]  Epoch:   72 [      0/   8544 ( 0%)]	Loss: 1.4885	Data Time: 0.02s	Train Time: 0.16s
2020-03-30 05:33:10 [INFO ]  Epoch:   73 [      0/   8544 ( 0%)]	Loss: 1.4600	Data Time: 0.02s	Train Time: 0.16s
2020-03-30 05:33:12 [INFO ]  Epoch:   74 [      0/   8544 ( 0%)]	Loss: 1.4862	Data Time: 0.02s	Train Time: 0.16s
2020-03-30 05:33:14 [INFO ]  Epoch:   75 [      0/   8544 ( 0%)]	Loss: 1.4813	Data Time: 0.02s	Train Time: 0.16s
2020-03-30 05:33:15 [INFO ]  Epoch:   76 [      0/   8544 ( 0%)]	Loss: 1.5067	Data Time: 0.02s	Train Time: 0.16s
2020-03-30 05:33:17 [INFO ]  Epoch:   77 [      0/   8544 ( 0%)]	Loss: 1.4672	Data Time: 0.02s	Train Time: 0.16s
2020-03-30 05:33:18 [INFO ]  Epoch:   78 [      0/   8544 ( 0%)]	Loss: 1.4942	Data Time: 0.02s	Train Time: 0.16s
2020-03-30 05:33:20 [INFO ]  Epoch:   79 [      0/   8544 ( 0%)]	Loss: 1.4717	Data Time: 0.02s	Train Time: 0.16s
2020-03-30 05:33:46 [INFO ]  Results saved to text_results/birnn_vis_sst/distill_basic/sst5/arch(RNN1,xavier,1.0)_distillLR0.5_E(200,30,0.5)_lr0.1_B20x1x1_train(known_init)/checkpoints/epoch0080/results.pth
2020-03-30 05:33:46 [INFO ]  
2020-03-30 05:33:46 [INFO ]  Begin of epoch 80 :
2020-03-30 05:33:46 [INFO ]  Begin of epoch 80  (1 same_as_train nets) test results: 
2020-03-30 05:33:46 [INFO ]  	          STEP                   ACCURACY                   LOSS          
2020-03-30 05:33:46 [INFO ]  	            before steps          25.9766 ±  nan%            1.6047 ±  nan
2020-03-30 05:33:46 [INFO ]  	     step  1 (lr=1.3904)          35.5469 ±  nan%            1.4890 ±  nan
2020-03-30 05:33:46 [INFO ]  
2020-03-30 05:33:46 [INFO ]  Epoch:   80 [      0/   8544 ( 0%)]	Loss: 1.4801	Data Time: 0.02s	Train Time: 0.16s
2020-03-30 05:33:47 [INFO ]  Epoch:   81 [      0/   8544 ( 0%)]	Loss: 1.4522	Data Time: 0.02s	Train Time: 0.16s
2020-03-30 05:33:49 [INFO ]  Epoch:   82 [      0/   8544 ( 0%)]	Loss: 1.4612	Data Time: 0.02s	Train Time: 0.16s
2020-03-30 05:33:51 [INFO ]  Epoch:   83 [      0/   8544 ( 0%)]	Loss: 1.4468	Data Time: 0.02s	Train Time: 0.16s
2020-03-30 05:33:52 [INFO ]  Epoch:   84 [      0/   8544 ( 0%)]	Loss: 1.4715	Data Time: 0.09s	Train Time: 0.16s
2020-03-30 05:33:54 [INFO ]  Epoch:   85 [      0/   8544 ( 0%)]	Loss: 1.4950	Data Time: 0.02s	Train Time: 0.16s
2020-03-30 05:33:55 [INFO ]  Epoch:   86 [      0/   8544 ( 0%)]	Loss: 1.4768	Data Time: 0.02s	Train Time: 0.16s
2020-03-30 05:33:57 [INFO ]  Epoch:   87 [      0/   8544 ( 0%)]	Loss: 1.4933	Data Time: 0.02s	Train Time: 0.16s
2020-03-30 05:33:58 [INFO ]  Epoch:   88 [      0/   8544 ( 0%)]	Loss: 1.4588	Data Time: 0.02s	Train Time: 0.16s
2020-03-30 05:34:00 [INFO ]  Epoch:   89 [      0/   8544 ( 0%)]	Loss: 1.4524	Data Time: 0.02s	Train Time: 0.16s
2020-03-30 05:34:26 [INFO ]  Results saved to text_results/birnn_vis_sst/distill_basic/sst5/arch(RNN1,xavier,1.0)_distillLR0.5_E(200,30,0.5)_lr0.1_B20x1x1_train(known_init)/checkpoints/epoch0090/results.pth
2020-03-30 05:34:26 [INFO ]  
2020-03-30 05:34:26 [INFO ]  Begin of epoch 90 :
2020-03-30 05:34:26 [INFO ]  Begin of epoch 90  (1 same_as_train nets) test results: 
2020-03-30 05:34:26 [INFO ]  	          STEP                   ACCURACY                   LOSS          
2020-03-30 05:34:26 [INFO ]  	            before steps          29.4922 ±  nan%            1.6032 ±  nan
2020-03-30 05:34:26 [INFO ]  	     step  1 (lr=1.4215)          36.4258 ±  nan%            1.4859 ±  nan
2020-03-30 05:34:26 [INFO ]  
2020-03-30 05:34:26 [INFO ]  Epoch:   90 [      0/   8544 ( 0%)]	Loss: 1.4703	Data Time: 0.02s	Train Time: 0.16s
2020-03-30 05:34:28 [INFO ]  Epoch:   91 [      0/   8544 ( 0%)]	Loss: 1.4414	Data Time: 0.02s	Train Time: 0.16s
2020-03-30 05:34:29 [INFO ]  Epoch:   92 [      0/   8544 ( 0%)]	Loss: 1.4570	Data Time: 0.02s	Train Time: 0.16s
2020-03-30 05:34:31 [INFO ]  Epoch:   93 [      0/   8544 ( 0%)]	Loss: 1.4659	Data Time: 0.02s	Train Time: 0.16s
2020-03-30 05:34:32 [INFO ]  Epoch:   94 [      0/   8544 ( 0%)]	Loss: 1.4603	Data Time: 0.02s	Train Time: 0.15s
2020-03-30 05:34:34 [INFO ]  Epoch:   95 [      0/   8544 ( 0%)]	Loss: 1.4677	Data Time: 0.02s	Train Time: 0.16s
2020-03-30 05:34:35 [INFO ]  Epoch:   96 [      0/   8544 ( 0%)]	Loss: 1.4597	Data Time: 0.02s	Train Time: 0.16s
2020-03-30 05:34:37 [INFO ]  Epoch:   97 [      0/   8544 ( 0%)]	Loss: 1.4521	Data Time: 0.02s	Train Time: 0.16s
2020-03-30 05:34:38 [INFO ]  Epoch:   98 [      0/   8544 ( 0%)]	Loss: 1.4549	Data Time: 0.02s	Train Time: 0.16s
2020-03-30 05:34:40 [INFO ]  Epoch:   99 [      0/   8544 ( 0%)]	Loss: 1.4600	Data Time: 0.02s	Train Time: 0.16s
2020-03-30 05:35:06 [INFO ]  Results saved to text_results/birnn_vis_sst/distill_basic/sst5/arch(RNN1,xavier,1.0)_distillLR0.5_E(200,30,0.5)_lr0.1_B20x1x1_train(known_init)/checkpoints/epoch0100/results.pth
2020-03-30 05:35:06 [INFO ]  
2020-03-30 05:35:06 [INFO ]  Begin of epoch 100 :
2020-03-30 05:35:06 [INFO ]  Begin of epoch 100  (1 same_as_train nets) test results: 
2020-03-30 05:35:06 [INFO ]  	          STEP                   ACCURACY                   LOSS          
2020-03-30 05:35:06 [INFO ]  	            before steps          28.3203 ±  nan%            1.6028 ±  nan
2020-03-30 05:35:06 [INFO ]  	     step  1 (lr=1.4243)          37.6953 ±  nan%            1.4877 ±  nan
2020-03-30 05:35:06 [INFO ]  
2020-03-30 05:35:06 [INFO ]  Epoch:  100 [      0/   8544 ( 0%)]	Loss: 1.4553	Data Time: 0.02s	Train Time: 0.16s
2020-03-30 05:35:08 [INFO ]  Epoch:  101 [      0/   8544 ( 0%)]	Loss: 1.4349	Data Time: 0.02s	Train Time: 0.16s
2020-03-30 05:35:09 [INFO ]  Epoch:  102 [      0/   8544 ( 0%)]	Loss: 1.4468	Data Time: 0.02s	Train Time: 0.16s
2020-03-30 05:35:11 [INFO ]  Epoch:  103 [      0/   8544 ( 0%)]	Loss: 1.4640	Data Time: 0.02s	Train Time: 0.16s
2020-03-30 05:35:13 [INFO ]  Epoch:  104 [      0/   8544 ( 0%)]	Loss: 1.4548	Data Time: 0.02s	Train Time: 0.16s
2020-03-30 05:35:14 [INFO ]  Epoch:  105 [      0/   8544 ( 0%)]	Loss: 1.4778	Data Time: 0.02s	Train Time: 0.16s
2020-03-30 05:35:16 [INFO ]  Epoch:  106 [      0/   8544 ( 0%)]	Loss: 1.4671	Data Time: 0.02s	Train Time: 0.16s
2020-03-30 05:35:17 [INFO ]  Epoch:  107 [      0/   8544 ( 0%)]	Loss: 1.4559	Data Time: 0.02s	Train Time: 0.16s
2020-03-30 05:35:19 [INFO ]  Epoch:  108 [      0/   8544 ( 0%)]	Loss: 1.4679	Data Time: 0.02s	Train Time: 0.16s
2020-03-30 05:35:20 [INFO ]  Epoch:  109 [      0/   8544 ( 0%)]	Loss: 1.4608	Data Time: 0.02s	Train Time: 0.16s
2020-03-30 05:35:46 [INFO ]  Results saved to text_results/birnn_vis_sst/distill_basic/sst5/arch(RNN1,xavier,1.0)_distillLR0.5_E(200,30,0.5)_lr0.1_B20x1x1_train(known_init)/checkpoints/epoch0110/results.pth
2020-03-30 05:35:46 [INFO ]  
2020-03-30 05:35:46 [INFO ]  Begin of epoch 110 :
2020-03-30 05:35:47 [INFO ]  Begin of epoch 110  (1 same_as_train nets) test results: 
2020-03-30 05:35:47 [INFO ]  	          STEP                   ACCURACY                   LOSS          
2020-03-30 05:35:47 [INFO ]  	            before steps          28.5156 ±  nan%            1.6058 ±  nan
2020-03-30 05:35:47 [INFO ]  	     step  1 (lr=1.4557)          38.7695 ±  nan%            1.4773 ±  nan
2020-03-30 05:35:47 [INFO ]  
2020-03-30 05:35:47 [INFO ]  Epoch:  110 [      0/   8544 ( 0%)]	Loss: 1.4380	Data Time: 0.02s	Train Time: 0.16s
2020-03-30 05:35:48 [INFO ]  Epoch:  111 [      0/   8544 ( 0%)]	Loss: 1.4498	Data Time: 0.02s	Train Time: 0.16s
2020-03-30 05:35:50 [INFO ]  Epoch:  112 [      0/   8544 ( 0%)]	Loss: 1.4731	Data Time: 0.02s	Train Time: 0.16s
2020-03-30 05:35:51 [INFO ]  Epoch:  113 [      0/   8544 ( 0%)]	Loss: 1.4536	Data Time: 0.02s	Train Time: 0.16s
2020-03-30 05:35:53 [INFO ]  Epoch:  114 [      0/   8544 ( 0%)]	Loss: 1.4443	Data Time: 0.02s	Train Time: 0.16s
2020-03-30 05:35:54 [INFO ]  Epoch:  115 [      0/   8544 ( 0%)]	Loss: 1.4491	Data Time: 0.02s	Train Time: 0.16s
2020-03-30 05:35:56 [INFO ]  Epoch:  116 [      0/   8544 ( 0%)]	Loss: 1.4320	Data Time: 0.02s	Train Time: 0.16s
2020-03-30 05:35:57 [INFO ]  Epoch:  117 [      0/   8544 ( 0%)]	Loss: 1.4566	Data Time: 0.02s	Train Time: 0.16s
2020-03-30 05:35:59 [INFO ]  Epoch:  118 [      0/   8544 ( 0%)]	Loss: 1.4717	Data Time: 0.02s	Train Time: 0.16s
2020-03-30 05:36:00 [INFO ]  Epoch:  119 [      0/   8544 ( 0%)]	Loss: 1.4572	Data Time: 0.02s	Train Time: 0.16s
2020-03-30 05:36:26 [INFO ]  Results saved to text_results/birnn_vis_sst/distill_basic/sst5/arch(RNN1,xavier,1.0)_distillLR0.5_E(200,30,0.5)_lr0.1_B20x1x1_train(known_init)/checkpoints/epoch0120/results.pth
2020-03-30 05:36:26 [INFO ]  
2020-03-30 05:36:26 [INFO ]  Begin of epoch 120 :
2020-03-30 05:36:27 [INFO ]  Begin of epoch 120  (1 same_as_train nets) test results: 
2020-03-30 05:36:27 [INFO ]  	          STEP                   ACCURACY                   LOSS          
2020-03-30 05:36:27 [INFO ]  	            before steps          30.3711 ±  nan%            1.6037 ±  nan
2020-03-30 05:36:27 [INFO ]  	     step  1 (lr=1.4960)          38.1836 ±  nan%            1.4798 ±  nan
2020-03-30 05:36:27 [INFO ]  
2020-03-30 05:36:27 [INFO ]  Epoch:  120 [      0/   8544 ( 0%)]	Loss: 1.4472	Data Time: 0.02s	Train Time: 0.16s
2020-03-30 05:36:28 [INFO ]  Epoch:  121 [      0/   8544 ( 0%)]	Loss: 1.4624	Data Time: 0.02s	Train Time: 0.16s
2020-03-30 05:36:30 [INFO ]  Epoch:  122 [      0/   8544 ( 0%)]	Loss: 1.4569	Data Time: 0.02s	Train Time: 0.16s
2020-03-30 05:36:31 [INFO ]  Epoch:  123 [      0/   8544 ( 0%)]	Loss: 1.4456	Data Time: 0.02s	Train Time: 0.16s
2020-03-30 05:36:33 [INFO ]  Epoch:  124 [      0/   8544 ( 0%)]	Loss: 1.4584	Data Time: 0.02s	Train Time: 0.16s
2020-03-30 05:36:34 [INFO ]  Epoch:  125 [      0/   8544 ( 0%)]	Loss: 1.4471	Data Time: 0.02s	Train Time: 0.16s
2020-03-30 05:36:36 [INFO ]  Epoch:  126 [      0/   8544 ( 0%)]	Loss: 1.4499	Data Time: 0.02s	Train Time: 0.16s
2020-03-30 05:36:37 [INFO ]  Epoch:  127 [      0/   8544 ( 0%)]	Loss: 1.4337	Data Time: 0.02s	Train Time: 0.16s
2020-03-30 05:36:39 [INFO ]  Epoch:  128 [      0/   8544 ( 0%)]	Loss: 1.4539	Data Time: 0.02s	Train Time: 0.16s
2020-03-30 05:36:40 [INFO ]  Epoch:  129 [      0/   8544 ( 0%)]	Loss: 1.4341	Data Time: 0.02s	Train Time: 0.16s
2020-03-30 05:37:06 [INFO ]  Results saved to text_results/birnn_vis_sst/distill_basic/sst5/arch(RNN1,xavier,1.0)_distillLR0.5_E(200,30,0.5)_lr0.1_B20x1x1_train(known_init)/checkpoints/epoch0130/results.pth
2020-03-30 05:37:06 [INFO ]  
2020-03-30 05:37:06 [INFO ]  Begin of epoch 130 :
2020-03-30 05:37:06 [INFO ]  Begin of epoch 130  (1 same_as_train nets) test results: 
2020-03-30 05:37:06 [INFO ]  	          STEP                   ACCURACY                   LOSS          
2020-03-30 05:37:06 [INFO ]  	            before steps          28.9062 ±  nan%            1.6040 ±  nan
2020-03-30 05:37:06 [INFO ]  	     step  1 (lr=1.5146)          39.4531 ±  nan%            1.4670 ±  nan
2020-03-30 05:37:06 [INFO ]  
2020-03-30 05:37:07 [INFO ]  Epoch:  130 [      0/   8544 ( 0%)]	Loss: 1.4558	Data Time: 0.02s	Train Time: 0.16s
2020-03-30 05:37:08 [INFO ]  Epoch:  131 [      0/   8544 ( 0%)]	Loss: 1.4704	Data Time: 0.02s	Train Time: 0.15s
2020-03-30 05:37:10 [INFO ]  Epoch:  132 [      0/   8544 ( 0%)]	Loss: 1.4571	Data Time: 0.02s	Train Time: 0.16s
2020-03-30 05:37:11 [INFO ]  Epoch:  133 [      0/   8544 ( 0%)]	Loss: 1.4370	Data Time: 0.02s	Train Time: 0.16s
2020-03-30 05:37:13 [INFO ]  Epoch:  134 [      0/   8544 ( 0%)]	Loss: 1.4280	Data Time: 0.02s	Train Time: 0.16s
2020-03-30 05:37:14 [INFO ]  Epoch:  135 [      0/   8544 ( 0%)]	Loss: 1.4412	Data Time: 0.02s	Train Time: 0.16s
2020-03-30 05:37:16 [INFO ]  Epoch:  136 [      0/   8544 ( 0%)]	Loss: 1.4506	Data Time: 0.02s	Train Time: 0.16s
2020-03-30 05:37:17 [INFO ]  Epoch:  137 [      0/   8544 ( 0%)]	Loss: 1.4662	Data Time: 0.02s	Train Time: 0.15s
2020-03-30 05:37:19 [INFO ]  Epoch:  138 [      0/   8544 ( 0%)]	Loss: 1.4559	Data Time: 0.02s	Train Time: 0.16s
2020-03-30 05:37:20 [INFO ]  Epoch:  139 [      0/   8544 ( 0%)]	Loss: 1.4478	Data Time: 0.02s	Train Time: 0.16s
2020-03-30 05:37:46 [INFO ]  Results saved to text_results/birnn_vis_sst/distill_basic/sst5/arch(RNN1,xavier,1.0)_distillLR0.5_E(200,30,0.5)_lr0.1_B20x1x1_train(known_init)/checkpoints/epoch0140/results.pth
2020-03-30 05:37:46 [INFO ]  
2020-03-30 05:37:46 [INFO ]  Begin of epoch 140 :
2020-03-30 05:37:46 [INFO ]  Begin of epoch 140  (1 same_as_train nets) test results: 
2020-03-30 05:37:46 [INFO ]  	          STEP                   ACCURACY                   LOSS          
2020-03-30 05:37:46 [INFO ]  	            before steps          28.1250 ±  nan%            1.6044 ±  nan
2020-03-30 05:37:46 [INFO ]  	     step  1 (lr=1.5295)          38.5742 ±  nan%            1.4837 ±  nan
2020-03-30 05:37:46 [INFO ]  
2020-03-30 05:37:47 [INFO ]  Epoch:  140 [      0/   8544 ( 0%)]	Loss: 1.4286	Data Time: 0.02s	Train Time: 0.16s
2020-03-30 05:37:48 [INFO ]  Epoch:  141 [      0/   8544 ( 0%)]	Loss: 1.4537	Data Time: 0.02s	Train Time: 0.16s
2020-03-30 05:37:50 [INFO ]  Epoch:  142 [      0/   8544 ( 0%)]	Loss: 1.4451	Data Time: 0.02s	Train Time: 0.16s
2020-03-30 05:37:51 [INFO ]  Epoch:  143 [      0/   8544 ( 0%)]	Loss: 1.4515	Data Time: 0.02s	Train Time: 0.16s
2020-03-30 05:37:53 [INFO ]  Epoch:  144 [      0/   8544 ( 0%)]	Loss: 1.4294	Data Time: 0.09s	Train Time: 0.16s
2020-03-30 05:37:54 [INFO ]  Epoch:  145 [      0/   8544 ( 0%)]	Loss: 1.4490	Data Time: 0.02s	Train Time: 0.16s
2020-03-30 05:37:56 [INFO ]  Epoch:  146 [      0/   8544 ( 0%)]	Loss: 1.4399	Data Time: 0.02s	Train Time: 0.16s
2020-03-30 05:37:57 [INFO ]  Epoch:  147 [      0/   8544 ( 0%)]	Loss: 1.4586	Data Time: 0.02s	Train Time: 0.16s
2020-03-30 05:37:59 [INFO ]  Epoch:  148 [      0/   8544 ( 0%)]	Loss: 1.4412	Data Time: 0.02s	Train Time: 0.16s
2020-03-30 05:38:00 [INFO ]  Epoch:  149 [      0/   8544 ( 0%)]	Loss: 1.4369	Data Time: 0.02s	Train Time: 0.16s
2020-03-30 05:38:27 [INFO ]  Results saved to text_results/birnn_vis_sst/distill_basic/sst5/arch(RNN1,xavier,1.0)_distillLR0.5_E(200,30,0.5)_lr0.1_B20x1x1_train(known_init)/checkpoints/epoch0150/results.pth
2020-03-30 05:38:27 [INFO ]  
2020-03-30 05:38:27 [INFO ]  Begin of epoch 150 :
2020-03-30 05:38:27 [INFO ]  Begin of epoch 150  (1 same_as_train nets) test results: 
2020-03-30 05:38:27 [INFO ]  	          STEP                   ACCURACY                   LOSS          
2020-03-30 05:38:27 [INFO ]  	            before steps          29.1992 ±  nan%            1.6041 ±  nan
2020-03-30 05:38:27 [INFO ]  	     step  1 (lr=1.5493)          37.3047 ±  nan%            1.4679 ±  nan
2020-03-30 05:38:27 [INFO ]  
2020-03-30 05:38:28 [INFO ]  Epoch:  150 [      0/   8544 ( 0%)]	Loss: 1.4447	Data Time: 0.02s	Train Time: 0.17s
2020-03-30 05:38:29 [INFO ]  Epoch:  151 [      0/   8544 ( 0%)]	Loss: 1.4395	Data Time: 0.02s	Train Time: 0.16s
2020-03-30 05:38:31 [INFO ]  Epoch:  152 [      0/   8544 ( 0%)]	Loss: 1.4394	Data Time: 0.02s	Train Time: 0.17s
2020-03-30 05:38:32 [INFO ]  Epoch:  153 [      0/   8544 ( 0%)]	Loss: 1.4570	Data Time: 0.02s	Train Time: 0.16s
2020-03-30 05:38:34 [INFO ]  Epoch:  154 [      0/   8544 ( 0%)]	Loss: 1.4484	Data Time: 0.02s	Train Time: 0.16s
2020-03-30 05:38:36 [INFO ]  Epoch:  155 [      0/   8544 ( 0%)]	Loss: 1.4502	Data Time: 0.02s	Train Time: 0.16s
2020-03-30 05:38:37 [INFO ]  Epoch:  156 [      0/   8544 ( 0%)]	Loss: 1.4195	Data Time: 0.02s	Train Time: 0.16s
2020-03-30 05:38:39 [INFO ]  Epoch:  157 [      0/   8544 ( 0%)]	Loss: 1.4545	Data Time: 0.02s	Train Time: 0.16s
2020-03-30 05:38:40 [INFO ]  Epoch:  158 [      0/   8544 ( 0%)]	Loss: 1.4571	Data Time: 0.02s	Train Time: 0.16s
2020-03-30 05:38:42 [INFO ]  Epoch:  159 [      0/   8544 ( 0%)]	Loss: 1.4379	Data Time: 0.02s	Train Time: 0.16s
2020-03-30 05:39:09 [INFO ]  Results saved to text_results/birnn_vis_sst/distill_basic/sst5/arch(RNN1,xavier,1.0)_distillLR0.5_E(200,30,0.5)_lr0.1_B20x1x1_train(known_init)/checkpoints/epoch0160/results.pth
2020-03-30 05:39:09 [INFO ]  
2020-03-30 05:39:09 [INFO ]  Begin of epoch 160 :
2020-03-30 05:39:09 [INFO ]  Begin of epoch 160  (1 same_as_train nets) test results: 
2020-03-30 05:39:09 [INFO ]  	          STEP                   ACCURACY                   LOSS          
2020-03-30 05:39:09 [INFO ]  	            before steps          29.0039 ±  nan%            1.6033 ±  nan
2020-03-30 05:39:09 [INFO ]  	     step  1 (lr=1.5491)          38.2812 ±  nan%            1.4693 ±  nan
2020-03-30 05:39:09 [INFO ]  
2020-03-30 05:39:09 [INFO ]  Epoch:  160 [      0/   8544 ( 0%)]	Loss: 1.4415	Data Time: 0.02s	Train Time: 0.16s
2020-03-30 05:39:10 [INFO ]  Epoch:  161 [      0/   8544 ( 0%)]	Loss: 1.4515	Data Time: 0.02s	Train Time: 0.16s
2020-03-30 05:39:12 [INFO ]  Epoch:  162 [      0/   8544 ( 0%)]	Loss: 1.4401	Data Time: 0.02s	Train Time: 0.16s
2020-03-30 05:39:14 [INFO ]  Epoch:  163 [      0/   8544 ( 0%)]	Loss: 1.4353	Data Time: 0.02s	Train Time: 0.16s
2020-03-30 05:39:15 [INFO ]  Epoch:  164 [      0/   8544 ( 0%)]	Loss: 1.4376	Data Time: 0.02s	Train Time: 0.16s
2020-03-30 05:39:17 [INFO ]  Epoch:  165 [      0/   8544 ( 0%)]	Loss: 1.4602	Data Time: 0.09s	Train Time: 0.16s
2020-03-30 05:39:18 [INFO ]  Epoch:  166 [      0/   8544 ( 0%)]	Loss: 1.4598	Data Time: 0.02s	Train Time: 0.16s
2020-03-30 05:39:20 [INFO ]  Epoch:  167 [      0/   8544 ( 0%)]	Loss: 1.4414	Data Time: 0.02s	Train Time: 0.16s
2020-03-30 05:39:21 [INFO ]  Epoch:  168 [      0/   8544 ( 0%)]	Loss: 1.4263	Data Time: 0.02s	Train Time: 0.16s
2020-03-30 05:39:23 [INFO ]  Epoch:  169 [      0/   8544 ( 0%)]	Loss: 1.4519	Data Time: 0.02s	Train Time: 0.16s
2020-03-30 05:39:50 [INFO ]  Results saved to text_results/birnn_vis_sst/distill_basic/sst5/arch(RNN1,xavier,1.0)_distillLR0.5_E(200,30,0.5)_lr0.1_B20x1x1_train(known_init)/checkpoints/epoch0170/results.pth
2020-03-30 05:39:50 [INFO ]  
2020-03-30 05:39:50 [INFO ]  Begin of epoch 170 :
2020-03-30 05:39:50 [INFO ]  Begin of epoch 170  (1 same_as_train nets) test results: 
2020-03-30 05:39:50 [INFO ]  	          STEP                   ACCURACY                   LOSS          
2020-03-30 05:39:50 [INFO ]  	            before steps          30.1758 ±  nan%            1.6040 ±  nan
2020-03-30 05:39:50 [INFO ]  	     step  1 (lr=1.5502)          37.5977 ±  nan%            1.4726 ±  nan
2020-03-30 05:39:50 [INFO ]  
2020-03-30 05:39:50 [INFO ]  Epoch:  170 [      0/   8544 ( 0%)]	Loss: 1.4563	Data Time: 0.02s	Train Time: 0.16s
2020-03-30 05:39:52 [INFO ]  Epoch:  171 [      0/   8544 ( 0%)]	Loss: 1.4420	Data Time: 0.02s	Train Time: 0.16s
2020-03-30 05:39:53 [INFO ]  Epoch:  172 [      0/   8544 ( 0%)]	Loss: 1.4557	Data Time: 0.02s	Train Time: 0.16s
2020-03-30 05:39:55 [INFO ]  Epoch:  173 [      0/   8544 ( 0%)]	Loss: 1.4537	Data Time: 0.02s	Train Time: 0.16s
2020-03-30 05:39:57 [INFO ]  Epoch:  174 [      0/   8544 ( 0%)]	Loss: 1.4592	Data Time: 0.02s	Train Time: 0.16s
2020-03-30 05:39:58 [INFO ]  Epoch:  175 [      0/   8544 ( 0%)]	Loss: 1.4513	Data Time: 0.02s	Train Time: 0.16s
2020-03-30 05:40:00 [INFO ]  Epoch:  176 [      0/   8544 ( 0%)]	Loss: 1.4335	Data Time: 0.02s	Train Time: 0.16s
2020-03-30 05:40:01 [INFO ]  Epoch:  177 [      0/   8544 ( 0%)]	Loss: 1.4583	Data Time: 0.02s	Train Time: 0.17s
2020-03-30 05:40:03 [INFO ]  Epoch:  178 [      0/   8544 ( 0%)]	Loss: 1.4448	Data Time: 0.02s	Train Time: 0.16s
2020-03-30 05:40:05 [INFO ]  Epoch:  179 [      0/   8544 ( 0%)]	Loss: 1.4356	Data Time: 0.02s	Train Time: 0.16s
2020-03-30 05:40:31 [INFO ]  Results saved to text_results/birnn_vis_sst/distill_basic/sst5/arch(RNN1,xavier,1.0)_distillLR0.5_E(200,30,0.5)_lr0.1_B20x1x1_train(known_init)/checkpoints/epoch0180/results.pth
2020-03-30 05:40:31 [INFO ]  
2020-03-30 05:40:31 [INFO ]  Begin of epoch 180 :
2020-03-30 05:40:32 [INFO ]  Begin of epoch 180  (1 same_as_train nets) test results: 
2020-03-30 05:40:32 [INFO ]  	          STEP                   ACCURACY                   LOSS          
2020-03-30 05:40:32 [INFO ]  	            before steps          29.2969 ±  nan%            1.6042 ±  nan
2020-03-30 05:40:32 [INFO ]  	     step  1 (lr=1.5654)          37.0117 ±  nan%            1.4835 ±  nan
2020-03-30 05:40:32 [INFO ]  
2020-03-30 05:40:32 [INFO ]  Epoch:  180 [      0/   8544 ( 0%)]	Loss: 1.4444	Data Time: 0.02s	Train Time: 0.16s
2020-03-30 05:40:33 [INFO ]  Epoch:  181 [      0/   8544 ( 0%)]	Loss: 1.4685	Data Time: 0.02s	Train Time: 0.16s
2020-03-30 05:40:35 [INFO ]  Epoch:  182 [      0/   8544 ( 0%)]	Loss: 1.4498	Data Time: 0.02s	Train Time: 0.16s
2020-03-30 05:40:36 [INFO ]  Epoch:  183 [      0/   8544 ( 0%)]	Loss: 1.4366	Data Time: 0.02s	Train Time: 0.16s
2020-03-30 05:40:38 [INFO ]  Epoch:  184 [      0/   8544 ( 0%)]	Loss: 1.4333	Data Time: 0.02s	Train Time: 0.16s
2020-03-30 05:40:40 [INFO ]  Epoch:  185 [      0/   8544 ( 0%)]	Loss: 1.4412	Data Time: 0.02s	Train Time: 0.16s
2020-03-30 05:40:41 [INFO ]  Epoch:  186 [      0/   8544 ( 0%)]	Loss: 1.4492	Data Time: 0.02s	Train Time: 0.16s
2020-03-30 05:40:43 [INFO ]  Epoch:  187 [      0/   8544 ( 0%)]	Loss: 1.4255	Data Time: 0.02s	Train Time: 0.16s
2020-03-30 05:40:44 [INFO ]  Epoch:  188 [      0/   8544 ( 0%)]	Loss: 1.4574	Data Time: 0.02s	Train Time: 0.16s
2020-03-30 05:40:46 [INFO ]  Epoch:  189 [      0/   8544 ( 0%)]	Loss: 1.4403	Data Time: 0.02s	Train Time: 0.16s
2020-03-30 05:41:13 [INFO ]  Results saved to text_results/birnn_vis_sst/distill_basic/sst5/arch(RNN1,xavier,1.0)_distillLR0.5_E(200,30,0.5)_lr0.1_B20x1x1_train(known_init)/checkpoints/epoch0190/results.pth
2020-03-30 05:41:13 [INFO ]  
2020-03-30 05:41:13 [INFO ]  Begin of epoch 190 :
2020-03-30 05:41:13 [INFO ]  Begin of epoch 190  (1 same_as_train nets) test results: 
2020-03-30 05:41:13 [INFO ]  	          STEP                   ACCURACY                   LOSS          
2020-03-30 05:41:13 [INFO ]  	            before steps          29.7852 ±  nan%            1.6032 ±  nan
2020-03-30 05:41:13 [INFO ]  	     step  1 (lr=1.5767)          37.5977 ±  nan%            1.4756 ±  nan
2020-03-30 05:41:13 [INFO ]  
2020-03-30 05:41:13 [INFO ]  Epoch:  190 [      0/   8544 ( 0%)]	Loss: 1.4418	Data Time: 0.02s	Train Time: 0.16s
2020-03-30 05:41:15 [INFO ]  Epoch:  191 [      0/   8544 ( 0%)]	Loss: 1.4259	Data Time: 0.02s	Train Time: 0.16s
2020-03-30 05:41:16 [INFO ]  Epoch:  192 [      0/   8544 ( 0%)]	Loss: 1.4423	Data Time: 0.02s	Train Time: 0.16s
2020-03-30 05:41:18 [INFO ]  Epoch:  193 [      0/   8544 ( 0%)]	Loss: 1.4501	Data Time: 0.02s	Train Time: 0.16s
2020-03-30 05:41:20 [INFO ]  Epoch:  194 [      0/   8544 ( 0%)]	Loss: 1.4468	Data Time: 0.02s	Train Time: 0.16s
2020-03-30 05:41:21 [INFO ]  Epoch:  195 [      0/   8544 ( 0%)]	Loss: 1.4391	Data Time: 0.02s	Train Time: 0.16s
2020-03-30 05:41:23 [INFO ]  Epoch:  196 [      0/   8544 ( 0%)]	Loss: 1.4503	Data Time: 0.02s	Train Time: 0.16s
2020-03-30 05:41:24 [INFO ]  Epoch:  197 [      0/   8544 ( 0%)]	Loss: 1.4536	Data Time: 0.02s	Train Time: 0.16s
2020-03-30 05:41:26 [INFO ]  Epoch:  198 [      0/   8544 ( 0%)]	Loss: 1.4295	Data Time: 0.02s	Train Time: 0.16s
2020-03-30 05:41:28 [INFO ]  Epoch:  199 [      0/   8544 ( 0%)]	Loss: 1.4483	Data Time: 0.02s	Train Time: 0.16s
2020-03-30 05:41:54 [INFO ]  Results saved to text_results/birnn_vis_sst/distill_basic/sst5/arch(RNN1,xavier,1.0)_distillLR0.5_E(200,30,0.5)_lr0.1_B20x1x1_train(known_init)/results.pth
2020-03-30 05:41:54 [INFO ]  
2020-03-30 05:41:54 [INFO ]  distilled with 1 steps and 1 epochs  (test ALL):
2020-03-30 05:41:54 [INFO ]  distilled with 1 steps and 1 epochs  (1 same_as_train nets) test results: 
2020-03-30 05:41:54 [INFO ]  	          STEP                   ACCURACY                   LOSS          
2020-03-30 05:41:54 [INFO ]  	            before steps          29.1403 ±  nan%            1.6038 ±  nan
2020-03-30 05:41:54 [INFO ]  	     step  1 (lr=1.5904)          38.0090 ±  nan%            1.4755 ±  nan
2020-03-30 05:41:54 [INFO ]  
