2020-04-30 02:54:52 [INFO ]  ======================================== 2020-04-30 02:54:52 ========================================
2020-04-30 02:54:52 [INFO ]  Base directory is text_results/birnn_sst_small_unknown_final/distill_basic/sst5/arch(TextRNN1,xavier,1.0)_distillLR0.5_E(200,30,0.5)_lr0.1_B1x1x1_train(unknown_init)
2020-04-30 02:54:52 [INFO ]  Options: 
2020-04-30 02:54:52 [INFO ]  	add_first: true
2020-04-30 02:54:52 [INFO ]  	add_label_scaling: 0
2020-04-30 02:54:52 [INFO ]  	arch: TextRNN1
2020-04-30 02:54:52 [INFO ]  	attack_class: 0
2020-04-30 02:54:52 [INFO ]  	base_seed: 1
2020-04-30 02:54:52 [INFO ]  	batch_size: 1024
2020-04-30 02:54:52 [INFO ]  	checkpoint_interval: 10
2020-04-30 02:54:52 [INFO ]  	dataset: sst5
2020-04-30 02:54:52 [INFO ]  	dataset_labels:
2020-04-30 02:54:52 [INFO ]  	- 0
2020-04-30 02:54:52 [INFO ]  	- 1
2020-04-30 02:54:52 [INFO ]  	- 2
2020-04-30 02:54:52 [INFO ]  	- 3
2020-04-30 02:54:52 [INFO ]  	- 4
2020-04-30 02:54:52 [INFO ]  	dataset_normalization: !!python/tuple
2020-04-30 02:54:52 [INFO ]  	- !!python/tuple
2020-04-30 02:54:52 [INFO ]  	    - 0
2020-04-30 02:54:52 [INFO ]  	- !!python/tuple
2020-04-30 02:54:52 [INFO ]  	    - 0
2020-04-30 02:54:52 [INFO ]  	dataset_root: ./data/text/sst
2020-04-30 02:54:52 [INFO ]  	decay_epochs: 30
2020-04-30 02:54:52 [INFO ]  	decay_factor: 0.5
2020-04-30 02:54:52 [INFO ]  	device_id: 0
2020-04-30 02:54:52 [INFO ]  	dist_metric: MSE
2020-04-30 02:54:52 [INFO ]  	distill_epochs: 1
2020-04-30 02:54:52 [INFO ]  	distill_lr: 0.5
2020-04-30 02:54:52 [INFO ]  	distill_steps: 1
2020-04-30 02:54:52 [INFO ]  	distilled_images_per_class_per_step: 1
2020-04-30 02:54:52 [INFO ]  	distributed: false
2020-04-30 02:54:52 [INFO ]  	dropout: false
2020-04-30 02:54:52 [INFO ]  	epochs: 200
2020-04-30 02:54:52 [INFO ]  	expr_name_format: null
2020-04-30 02:54:52 [INFO ]  	freeze_data: false
2020-04-30 02:54:52 [INFO ]  	image_dpi: 80
2020-04-30 02:54:52 [INFO ]  	init: xavier
2020-04-30 02:54:52 [INFO ]  	init_labels:
2020-04-30 02:54:52 [INFO ]  	- 0
2020-04-30 02:54:52 [INFO ]  	- 1
2020-04-30 02:54:52 [INFO ]  	- 2
2020-04-30 02:54:52 [INFO ]  	- 3
2020-04-30 02:54:52 [INFO ]  	- 4
2020-04-30 02:54:52 [INFO ]  	init_param: 1.0
2020-04-30 02:54:52 [INFO ]  	input_size: 10
2020-04-30 02:54:52 [INFO ]  	invert_dist: false
2020-04-30 02:54:52 [INFO ]  	label_softmax: true
2020-04-30 02:54:52 [INFO ]  	learnable_embedding: false
2020-04-30 02:54:52 [INFO ]  	log_file: text_results/birnn_sst_small_unknown_final/distill_basic/sst5/arch(TextRNN1,xavier,1.0)_distillLR0.5_E(200,30,0.5)_lr0.1_B1x1x1_train(unknown_init)/output.log
2020-04-30 02:54:52 [INFO ]  	log_interval: 100
2020-04-30 02:54:52 [INFO ]  	log_level: INFO
2020-04-30 02:54:52 [INFO ]  	lr: 0.1
2020-04-30 02:54:52 [INFO ]  	maxlen: 10
2020-04-30 02:54:52 [INFO ]  	mode: distill_basic
2020-04-30 02:54:52 [INFO ]  	model_dir: ./models/
2020-04-30 02:54:52 [INFO ]  	model_subdir_format: null
2020-04-30 02:54:52 [INFO ]  	mult_label_scaling: 1
2020-04-30 02:54:52 [INFO ]  	n_nets: 1
2020-04-30 02:54:52 [INFO ]  	nc: 1
2020-04-30 02:54:52 [INFO ]  	ninp: 100
2020-04-30 02:54:52 [INFO ]  	no_log: false
2020-04-30 02:54:52 [INFO ]  	ntoken: 16581
2020-04-30 02:54:52 [INFO ]  	num_classes: 5
2020-04-30 02:54:52 [INFO ]  	num_distill_classes: 5
2020-04-30 02:54:52 [INFO ]  	num_workers: 8
2020-04-30 02:54:52 [INFO ]  	phase: train
2020-04-30 02:54:52 [INFO ]  	random_init_labels: ''
2020-04-30 02:54:52 [INFO ]  	reproduction_test: false
2020-04-30 02:54:52 [INFO ]  	results_dir: text_results/birnn_sst_small_unknown_final
2020-04-30 02:54:52 [INFO ]  	sample_n_nets: 1
2020-04-30 02:54:52 [INFO ]  	source_dataset: null
2020-04-30 02:54:52 [INFO ]  	start_time: '2020-04-30 02:54:52'
2020-04-30 02:54:52 [INFO ]  	static_labels: 0
2020-04-30 02:54:52 [INFO ]  	target_class: 1
2020-04-30 02:54:52 [INFO ]  	test_batch_size: 1024
2020-04-30 02:54:52 [INFO ]  	test_distill_epochs: null
2020-04-30 02:54:52 [INFO ]  	test_distilled_images: loaded
2020-04-30 02:54:52 [INFO ]  	test_distilled_lrs:
2020-04-30 02:54:52 [INFO ]  	- loaded
2020-04-30 02:54:52 [INFO ]  	test_n_nets: 20
2020-04-30 02:54:52 [INFO ]  	test_n_runs: 1
2020-04-30 02:54:52 [INFO ]  	test_name_format: null
2020-04-30 02:54:52 [INFO ]  	test_nets_type: unknown_init
2020-04-30 02:54:52 [INFO ]  	test_niter: 1
2020-04-30 02:54:52 [INFO ]  	test_optimize_n_nets: 20
2020-04-30 02:54:52 [INFO ]  	test_optimize_n_runs: null
2020-04-30 02:54:52 [INFO ]  	textdata: true
2020-04-30 02:54:52 [INFO ]  	train_nets_type: unknown_init
2020-04-30 02:54:52 [INFO ]  	visualize: true
2020-04-30 02:54:52 [INFO ]  	world_rank: 0
2020-04-30 02:54:52 [INFO ]  	world_size: 1
2020-04-30 02:54:52 [INFO ]  	
2020-04-30 02:54:55 [INFO ]  Loading vectors from .vector_cache/glove.6B.100d.txt_16581.pt
2020-04-30 02:54:57 [INFO ]  Loading vectors from .vector_cache/glove.6B.100d.txt_16581.pt
2020-04-30 02:54:58 [INFO ]  train dataset size:	8544
2020-04-30 02:54:58 [INFO ]  test dataset size: 	2210
2020-04-30 02:54:58 [INFO ]  datasets built!
2020-04-30 02:54:58 [INFO ]  mode: distill_basic, phase: train
2020-04-30 02:54:58 [INFO ]  Build 1 TextRNN1 network(s) with [xavier(1.0)] init
2020-04-30 02:55:00 [INFO ]  Build 1 TextRNN1 network(s) with [xavier(1.0)] init
2020-04-30 02:55:00 [INFO ]  Train 1 steps iterated for 1 epochs
2020-04-30 02:55:01 [INFO ]  Results saved to text_results/birnn_sst_small_unknown_final/distill_basic/sst5/arch(TextRNN1,xavier,1.0)_distillLR0.5_E(200,30,0.5)_lr0.1_B1x1x1_train(unknown_init)/checkpoints/epoch0000/results.pth
2020-04-30 02:55:01 [INFO ]  
2020-04-30 02:55:01 [INFO ]  Begin of epoch 0 :
2020-04-30 02:55:02 [INFO ]  Begin of epoch 0  (20 unknown_init nets) test results: 
2020-04-30 02:55:02 [INFO ]  	          STEP                   ACCURACY                   LOSS          
2020-04-30 02:55:02 [INFO ]  	            before steps          20.2295 ± 2.00%            1.8540 ± 0.09
2020-04-30 02:55:02 [INFO ]  	     step  1 (lr=0.5000)          20.0293 ± 2.68%            1.9626 ± 0.14
2020-04-30 02:55:02 [INFO ]  
2020-04-30 02:55:02 [INFO ]  Epoch:    0 [      0/   8544 ( 0%)]	Loss: 1.9488	Data Time: 0.09s	Train Time: 0.07s
2020-04-30 02:55:03 [INFO ]  Epoch:    1 [      0/   8544 ( 0%)]	Loss: 1.7158	Data Time: 0.02s	Train Time: 0.07s
2020-04-30 02:55:04 [INFO ]  Epoch:    2 [      0/   8544 ( 0%)]	Loss: 1.7125	Data Time: 0.02s	Train Time: 0.06s
2020-04-30 02:55:04 [INFO ]  Epoch:    3 [      0/   8544 ( 0%)]	Loss: 1.7345	Data Time: 0.02s	Train Time: 0.06s
2020-04-30 02:55:05 [INFO ]  Epoch:    4 [      0/   8544 ( 0%)]	Loss: 1.7616	Data Time: 0.02s	Train Time: 0.06s
2020-04-30 02:55:05 [INFO ]  Epoch:    5 [      0/   8544 ( 0%)]	Loss: 1.7307	Data Time: 0.02s	Train Time: 0.06s
2020-04-30 02:55:06 [INFO ]  Epoch:    6 [      0/   8544 ( 0%)]	Loss: 1.9214	Data Time: 0.02s	Train Time: 0.06s
2020-04-30 02:55:07 [INFO ]  Epoch:    7 [      0/   8544 ( 0%)]	Loss: 1.9384	Data Time: 0.02s	Train Time: 0.06s
2020-04-30 02:55:07 [INFO ]  Epoch:    8 [      0/   8544 ( 0%)]	Loss: 1.8232	Data Time: 0.02s	Train Time: 0.06s
2020-04-30 02:55:08 [INFO ]  Epoch:    9 [      0/   8544 ( 0%)]	Loss: 1.7719	Data Time: 0.02s	Train Time: 0.06s
2020-04-30 02:55:09 [INFO ]  Results saved to text_results/birnn_sst_small_unknown_final/distill_basic/sst5/arch(TextRNN1,xavier,1.0)_distillLR0.5_E(200,30,0.5)_lr0.1_B1x1x1_train(unknown_init)/checkpoints/epoch0010/results.pth
2020-04-30 02:55:09 [INFO ]  
2020-04-30 02:55:09 [INFO ]  Begin of epoch 10 :
2020-04-30 02:55:10 [INFO ]  Begin of epoch 10  (20 unknown_init nets) test results: 
2020-04-30 02:55:10 [INFO ]  	          STEP                   ACCURACY                   LOSS          
2020-04-30 02:55:10 [INFO ]  	            before steps          20.2588 ± 2.02%            1.8257 ± 0.09
2020-04-30 02:55:10 [INFO ]  	     step  1 (lr=0.1052)          23.6426 ± 2.57%            1.7864 ± 0.07
2020-04-30 02:55:10 [INFO ]  
2020-04-30 02:55:10 [INFO ]  Epoch:   10 [      0/   8544 ( 0%)]	Loss: 1.6931	Data Time: 0.02s	Train Time: 0.06s
2020-04-30 02:55:11 [INFO ]  Epoch:   11 [      0/   8544 ( 0%)]	Loss: 1.7835	Data Time: 0.02s	Train Time: 0.06s
2020-04-30 02:55:11 [INFO ]  Epoch:   12 [      0/   8544 ( 0%)]	Loss: 1.8214	Data Time: 0.02s	Train Time: 0.06s
2020-04-30 02:55:12 [INFO ]  Epoch:   13 [      0/   8544 ( 0%)]	Loss: 1.7585	Data Time: 0.02s	Train Time: 0.06s
2020-04-30 02:55:13 [INFO ]  Epoch:   14 [      0/   8544 ( 0%)]	Loss: 1.8561	Data Time: 0.02s	Train Time: 0.06s
2020-04-30 02:55:13 [INFO ]  Epoch:   15 [      0/   8544 ( 0%)]	Loss: 1.7416	Data Time: 0.02s	Train Time: 0.06s
2020-04-30 02:55:14 [INFO ]  Epoch:   16 [      0/   8544 ( 0%)]	Loss: 1.7478	Data Time: 0.02s	Train Time: 0.06s
2020-04-30 02:55:15 [INFO ]  Epoch:   17 [      0/   8544 ( 0%)]	Loss: 1.8011	Data Time: 0.02s	Train Time: 0.06s
2020-04-30 02:55:15 [INFO ]  Epoch:   18 [      0/   8544 ( 0%)]	Loss: 1.7513	Data Time: 0.02s	Train Time: 0.06s
2020-04-30 02:55:16 [INFO ]  Epoch:   19 [      0/   8544 ( 0%)]	Loss: 1.7484	Data Time: 0.02s	Train Time: 0.06s
2020-04-30 02:55:17 [INFO ]  Results saved to text_results/birnn_sst_small_unknown_final/distill_basic/sst5/arch(TextRNN1,xavier,1.0)_distillLR0.5_E(200,30,0.5)_lr0.1_B1x1x1_train(unknown_init)/checkpoints/epoch0020/results.pth
2020-04-30 02:55:17 [INFO ]  
2020-04-30 02:55:17 [INFO ]  Begin of epoch 20 :
2020-04-30 02:55:18 [INFO ]  Begin of epoch 20  (20 unknown_init nets) test results: 
2020-04-30 02:55:18 [INFO ]  	          STEP                   ACCURACY                   LOSS          
2020-04-30 02:55:18 [INFO ]  	            before steps          20.8398 ± 3.27%            1.8216 ± 0.10
2020-04-30 02:55:18 [INFO ]  	     step  1 (lr=0.0683)          23.2666 ± 2.30%            1.7998 ± 0.06
2020-04-30 02:55:18 [INFO ]  
2020-04-30 02:55:18 [INFO ]  Epoch:   20 [      0/   8544 ( 0%)]	Loss: 1.8844	Data Time: 0.02s	Train Time: 0.06s
2020-04-30 02:55:18 [INFO ]  Epoch:   21 [      0/   8544 ( 0%)]	Loss: 1.7563	Data Time: 0.02s	Train Time: 0.06s
2020-04-30 02:55:19 [INFO ]  Epoch:   22 [      0/   8544 ( 0%)]	Loss: 1.7057	Data Time: 0.02s	Train Time: 0.06s
2020-04-30 02:55:20 [INFO ]  Epoch:   23 [      0/   8544 ( 0%)]	Loss: 1.7517	Data Time: 0.02s	Train Time: 0.06s
2020-04-30 02:55:20 [INFO ]  Epoch:   24 [      0/   8544 ( 0%)]	Loss: 1.8430	Data Time: 0.02s	Train Time: 0.06s
2020-04-30 02:55:21 [INFO ]  Epoch:   25 [      0/   8544 ( 0%)]	Loss: 1.7346	Data Time: 0.02s	Train Time: 0.06s
2020-04-30 02:55:22 [INFO ]  Epoch:   26 [      0/   8544 ( 0%)]	Loss: 1.7811	Data Time: 0.02s	Train Time: 0.06s
2020-04-30 02:55:22 [INFO ]  Epoch:   27 [      0/   8544 ( 0%)]	Loss: 1.7456	Data Time: 0.02s	Train Time: 0.06s
2020-04-30 02:55:23 [INFO ]  Epoch:   28 [      0/   8544 ( 0%)]	Loss: 1.7111	Data Time: 0.02s	Train Time: 0.06s
2020-04-30 02:55:24 [INFO ]  Epoch:   29 [      0/   8544 ( 0%)]	Loss: 1.8571	Data Time: 0.02s	Train Time: 0.07s
2020-04-30 02:55:25 [INFO ]  Results saved to text_results/birnn_sst_small_unknown_final/distill_basic/sst5/arch(TextRNN1,xavier,1.0)_distillLR0.5_E(200,30,0.5)_lr0.1_B1x1x1_train(unknown_init)/checkpoints/epoch0030/results.pth
2020-04-30 02:55:25 [INFO ]  
2020-04-30 02:55:25 [INFO ]  Begin of epoch 30 :
2020-04-30 02:55:25 [INFO ]  Begin of epoch 30  (20 unknown_init nets) test results: 
2020-04-30 02:55:25 [INFO ]  	          STEP                   ACCURACY                   LOSS          
2020-04-30 02:55:25 [INFO ]  	            before steps          20.4053 ± 2.98%            1.8206 ± 0.12
2020-04-30 02:55:25 [INFO ]  	     step  1 (lr=0.0618)          22.9004 ± 1.43%            1.7887 ± 0.05
2020-04-30 02:55:25 [INFO ]  
2020-04-30 02:55:26 [INFO ]  Epoch:   30 [      0/   8544 ( 0%)]	Loss: 1.7138	Data Time: 0.02s	Train Time: 0.06s
2020-04-30 02:55:26 [INFO ]  Epoch:   31 [      0/   8544 ( 0%)]	Loss: 1.7585	Data Time: 0.02s	Train Time: 0.06s
2020-04-30 02:55:27 [INFO ]  Epoch:   32 [      0/   8544 ( 0%)]	Loss: 1.7402	Data Time: 0.02s	Train Time: 0.06s
2020-04-30 02:55:27 [INFO ]  Epoch:   33 [      0/   8544 ( 0%)]	Loss: 1.8088	Data Time: 0.02s	Train Time: 0.06s
2020-04-30 02:55:28 [INFO ]  Epoch:   34 [      0/   8544 ( 0%)]	Loss: 1.7665	Data Time: 0.02s	Train Time: 0.06s
2020-04-30 02:55:29 [INFO ]  Epoch:   35 [      0/   8544 ( 0%)]	Loss: 1.7330	Data Time: 0.02s	Train Time: 0.06s
2020-04-30 02:55:29 [INFO ]  Epoch:   36 [      0/   8544 ( 0%)]	Loss: 1.6784	Data Time: 0.02s	Train Time: 0.06s
2020-04-30 02:55:30 [INFO ]  Epoch:   37 [      0/   8544 ( 0%)]	Loss: 1.8231	Data Time: 0.02s	Train Time: 0.07s
2020-04-30 02:55:31 [INFO ]  Epoch:   38 [      0/   8544 ( 0%)]	Loss: 1.7579	Data Time: 0.02s	Train Time: 0.06s
2020-04-30 02:55:31 [INFO ]  Epoch:   39 [      0/   8544 ( 0%)]	Loss: 1.8233	Data Time: 0.02s	Train Time: 0.06s
2020-04-30 02:55:33 [INFO ]  Results saved to text_results/birnn_sst_small_unknown_final/distill_basic/sst5/arch(TextRNN1,xavier,1.0)_distillLR0.5_E(200,30,0.5)_lr0.1_B1x1x1_train(unknown_init)/checkpoints/epoch0040/results.pth
2020-04-30 02:55:33 [INFO ]  
2020-04-30 02:55:33 [INFO ]  Begin of epoch 40 :
2020-04-30 02:55:33 [INFO ]  Begin of epoch 40  (20 unknown_init nets) test results: 
2020-04-30 02:55:33 [INFO ]  	          STEP                   ACCURACY                   LOSS          
2020-04-30 02:55:33 [INFO ]  	            before steps          20.1074 ± 3.53%            1.8585 ± 0.11
2020-04-30 02:55:33 [INFO ]  	     step  1 (lr=0.0640)          22.1484 ± 1.96%            1.8262 ± 0.06
2020-04-30 02:55:33 [INFO ]  
2020-04-30 02:55:33 [INFO ]  Epoch:   40 [      0/   8544 ( 0%)]	Loss: 1.8159	Data Time: 0.02s	Train Time: 0.06s
2020-04-30 02:55:34 [INFO ]  Epoch:   41 [      0/   8544 ( 0%)]	Loss: 1.7716	Data Time: 0.02s	Train Time: 0.06s
2020-04-30 02:55:34 [INFO ]  Epoch:   42 [      0/   8544 ( 0%)]	Loss: 1.7186	Data Time: 0.02s	Train Time: 0.06s
2020-04-30 02:55:35 [INFO ]  Epoch:   43 [      0/   8544 ( 0%)]	Loss: 1.8421	Data Time: 0.02s	Train Time: 0.06s
2020-04-30 02:55:36 [INFO ]  Epoch:   44 [      0/   8544 ( 0%)]	Loss: 1.7632	Data Time: 0.02s	Train Time: 0.06s
2020-04-30 02:55:36 [INFO ]  Epoch:   45 [      0/   8544 ( 0%)]	Loss: 1.7823	Data Time: 0.02s	Train Time: 0.06s
2020-04-30 02:55:37 [INFO ]  Epoch:   46 [      0/   8544 ( 0%)]	Loss: 1.7542	Data Time: 0.02s	Train Time: 0.06s
2020-04-30 02:55:38 [INFO ]  Epoch:   47 [      0/   8544 ( 0%)]	Loss: 1.7563	Data Time: 0.02s	Train Time: 0.06s
2020-04-30 02:55:38 [INFO ]  Epoch:   48 [      0/   8544 ( 0%)]	Loss: 1.7192	Data Time: 0.02s	Train Time: 0.06s
2020-04-30 02:55:39 [INFO ]  Epoch:   49 [      0/   8544 ( 0%)]	Loss: 1.7676	Data Time: 0.02s	Train Time: 0.06s
2020-04-30 02:55:40 [INFO ]  Results saved to text_results/birnn_sst_small_unknown_final/distill_basic/sst5/arch(TextRNN1,xavier,1.0)_distillLR0.5_E(200,30,0.5)_lr0.1_B1x1x1_train(unknown_init)/checkpoints/epoch0050/results.pth
2020-04-30 02:55:40 [INFO ]  
2020-04-30 02:55:40 [INFO ]  Begin of epoch 50 :
2020-04-30 02:55:41 [INFO ]  Begin of epoch 50  (20 unknown_init nets) test results: 
2020-04-30 02:55:41 [INFO ]  	          STEP                   ACCURACY                   LOSS          
2020-04-30 02:55:41 [INFO ]  	            before steps          21.0645 ± 2.81%            1.8032 ± 0.09
2020-04-30 02:55:41 [INFO ]  	     step  1 (lr=0.0505)          22.8564 ± 2.77%            1.7737 ± 0.07
2020-04-30 02:55:41 [INFO ]  
2020-04-30 02:55:41 [INFO ]  Epoch:   50 [      0/   8544 ( 0%)]	Loss: 1.7095	Data Time: 0.02s	Train Time: 0.06s
2020-04-30 02:55:42 [INFO ]  Epoch:   51 [      0/   8544 ( 0%)]	Loss: 1.7550	Data Time: 0.02s	Train Time: 0.06s
2020-04-30 02:55:42 [INFO ]  Epoch:   52 [      0/   8544 ( 0%)]	Loss: 1.7408	Data Time: 0.02s	Train Time: 0.06s
2020-04-30 02:55:43 [INFO ]  Epoch:   53 [      0/   8544 ( 0%)]	Loss: 1.7281	Data Time: 0.02s	Train Time: 0.06s
2020-04-30 02:55:44 [INFO ]  Epoch:   54 [      0/   8544 ( 0%)]	Loss: 1.9890	Data Time: 0.02s	Train Time: 0.06s
2020-04-30 02:55:44 [INFO ]  Epoch:   55 [      0/   8544 ( 0%)]	Loss: 1.8632	Data Time: 0.02s	Train Time: 0.06s
2020-04-30 02:55:45 [INFO ]  Epoch:   56 [      0/   8544 ( 0%)]	Loss: 1.8390	Data Time: 0.02s	Train Time: 0.06s
2020-04-30 02:55:45 [INFO ]  Epoch:   57 [      0/   8544 ( 0%)]	Loss: 1.7109	Data Time: 0.02s	Train Time: 0.06s
2020-04-30 02:55:46 [INFO ]  Epoch:   58 [      0/   8544 ( 0%)]	Loss: 1.6813	Data Time: 0.02s	Train Time: 0.06s
2020-04-30 02:55:47 [INFO ]  Epoch:   59 [      0/   8544 ( 0%)]	Loss: 1.7394	Data Time: 0.02s	Train Time: 0.06s
2020-04-30 02:55:48 [INFO ]  Results saved to text_results/birnn_sst_small_unknown_final/distill_basic/sst5/arch(TextRNN1,xavier,1.0)_distillLR0.5_E(200,30,0.5)_lr0.1_B1x1x1_train(unknown_init)/checkpoints/epoch0060/results.pth
2020-04-30 02:55:48 [INFO ]  
2020-04-30 02:55:48 [INFO ]  Begin of epoch 60 :
2020-04-30 02:55:49 [INFO ]  Begin of epoch 60  (20 unknown_init nets) test results: 
2020-04-30 02:55:49 [INFO ]  	          STEP                   ACCURACY                   LOSS          
2020-04-30 02:55:49 [INFO ]  	            before steps          20.6787 ± 1.62%            1.8186 ± 0.07
2020-04-30 02:55:49 [INFO ]  	     step  1 (lr=0.0549)          22.7637 ± 1.70%            1.7873 ± 0.07
2020-04-30 02:55:49 [INFO ]  
2020-04-30 02:55:49 [INFO ]  Epoch:   60 [      0/   8544 ( 0%)]	Loss: 1.7490	Data Time: 0.02s	Train Time: 0.06s
2020-04-30 02:55:49 [INFO ]  Epoch:   61 [      0/   8544 ( 0%)]	Loss: 1.6264	Data Time: 0.02s	Train Time: 0.06s
2020-04-30 02:55:50 [INFO ]  Epoch:   62 [      0/   8544 ( 0%)]	Loss: 1.6838	Data Time: 0.02s	Train Time: 0.06s
2020-04-30 02:55:51 [INFO ]  Epoch:   63 [      0/   8544 ( 0%)]	Loss: 1.7464	Data Time: 0.02s	Train Time: 0.06s
2020-04-30 02:55:51 [INFO ]  Epoch:   64 [      0/   8544 ( 0%)]	Loss: 1.7492	Data Time: 0.02s	Train Time: 0.06s
2020-04-30 02:55:52 [INFO ]  Epoch:   65 [      0/   8544 ( 0%)]	Loss: 1.7275	Data Time: 0.02s	Train Time: 0.06s
2020-04-30 02:55:52 [INFO ]  Epoch:   66 [      0/   8544 ( 0%)]	Loss: 1.6615	Data Time: 0.02s	Train Time: 0.06s
2020-04-30 02:55:53 [INFO ]  Epoch:   67 [      0/   8544 ( 0%)]	Loss: 1.8023	Data Time: 0.02s	Train Time: 0.06s
2020-04-30 02:55:54 [INFO ]  Epoch:   68 [      0/   8544 ( 0%)]	Loss: 1.7996	Data Time: 0.02s	Train Time: 0.06s
2020-04-30 02:55:55 [INFO ]  Epoch:   69 [      0/   8544 ( 0%)]	Loss: 1.7239	Data Time: 0.02s	Train Time: 0.06s
2020-04-30 02:55:56 [INFO ]  Results saved to text_results/birnn_sst_small_unknown_final/distill_basic/sst5/arch(TextRNN1,xavier,1.0)_distillLR0.5_E(200,30,0.5)_lr0.1_B1x1x1_train(unknown_init)/checkpoints/epoch0070/results.pth
2020-04-30 02:55:56 [INFO ]  
2020-04-30 02:55:56 [INFO ]  Begin of epoch 70 :
2020-04-30 02:55:56 [INFO ]  Begin of epoch 70  (20 unknown_init nets) test results: 
2020-04-30 02:55:56 [INFO ]  	          STEP                   ACCURACY                   LOSS          
2020-04-30 02:55:56 [INFO ]  	            before steps          18.7988 ± 2.09%            1.8524 ± 0.09
2020-04-30 02:55:56 [INFO ]  	     step  1 (lr=0.0576)          23.2471 ± 1.75%            1.7772 ± 0.06
2020-04-30 02:55:56 [INFO ]  
2020-04-30 02:55:56 [INFO ]  Epoch:   70 [      0/   8544 ( 0%)]	Loss: 2.1480	Data Time: 0.02s	Train Time: 0.06s
2020-04-30 02:55:57 [INFO ]  Epoch:   71 [      0/   8544 ( 0%)]	Loss: 1.8031	Data Time: 0.02s	Train Time: 0.06s
2020-04-30 02:55:58 [INFO ]  Epoch:   72 [      0/   8544 ( 0%)]	Loss: 1.6981	Data Time: 0.02s	Train Time: 0.07s
2020-04-30 02:55:58 [INFO ]  Epoch:   73 [      0/   8544 ( 0%)]	Loss: 1.7777	Data Time: 0.02s	Train Time: 0.06s
2020-04-30 02:55:59 [INFO ]  Epoch:   74 [      0/   8544 ( 0%)]	Loss: 1.7862	Data Time: 0.02s	Train Time: 0.06s
2020-04-30 02:56:00 [INFO ]  Epoch:   75 [      0/   8544 ( 0%)]	Loss: 1.7361	Data Time: 0.02s	Train Time: 0.06s
2020-04-30 02:56:00 [INFO ]  Epoch:   76 [      0/   8544 ( 0%)]	Loss: 1.7327	Data Time: 0.02s	Train Time: 0.06s
2020-04-30 02:56:01 [INFO ]  Epoch:   77 [      0/   8544 ( 0%)]	Loss: 1.6774	Data Time: 0.02s	Train Time: 0.06s
2020-04-30 02:56:02 [INFO ]  Epoch:   78 [      0/   8544 ( 0%)]	Loss: 1.7341	Data Time: 0.02s	Train Time: 0.06s
2020-04-30 02:56:02 [INFO ]  Epoch:   79 [      0/   8544 ( 0%)]	Loss: 1.6839	Data Time: 0.02s	Train Time: 0.06s
2020-04-30 02:56:04 [INFO ]  Results saved to text_results/birnn_sst_small_unknown_final/distill_basic/sst5/arch(TextRNN1,xavier,1.0)_distillLR0.5_E(200,30,0.5)_lr0.1_B1x1x1_train(unknown_init)/checkpoints/epoch0080/results.pth
2020-04-30 02:56:04 [INFO ]  
2020-04-30 02:56:04 [INFO ]  Begin of epoch 80 :
2020-04-30 02:56:04 [INFO ]  Begin of epoch 80  (20 unknown_init nets) test results: 
2020-04-30 02:56:04 [INFO ]  	          STEP                   ACCURACY                   LOSS          
2020-04-30 02:56:04 [INFO ]  	            before steps          20.8545 ± 3.30%            1.8212 ± 0.07
2020-04-30 02:56:04 [INFO ]  	     step  1 (lr=0.0531)          23.6572 ± 3.11%            1.7569 ± 0.05
2020-04-30 02:56:04 [INFO ]  
2020-04-30 02:56:04 [INFO ]  Epoch:   80 [      0/   8544 ( 0%)]	Loss: 1.8329	Data Time: 0.02s	Train Time: 0.06s
2020-04-30 02:56:05 [INFO ]  Epoch:   81 [      0/   8544 ( 0%)]	Loss: 1.7014	Data Time: 0.02s	Train Time: 0.06s
2020-04-30 02:56:05 [INFO ]  Epoch:   82 [      0/   8544 ( 0%)]	Loss: 1.7147	Data Time: 0.02s	Train Time: 0.06s
2020-04-30 02:56:06 [INFO ]  Epoch:   83 [      0/   8544 ( 0%)]	Loss: 1.7142	Data Time: 0.02s	Train Time: 0.06s
2020-04-30 02:56:07 [INFO ]  Epoch:   84 [      0/   8544 ( 0%)]	Loss: 1.8322	Data Time: 0.02s	Train Time: 0.06s
2020-04-30 02:56:07 [INFO ]  Epoch:   85 [      0/   8544 ( 0%)]	Loss: 1.8004	Data Time: 0.02s	Train Time: 0.06s
2020-04-30 02:56:08 [INFO ]  Epoch:   86 [      0/   8544 ( 0%)]	Loss: 1.6841	Data Time: 0.02s	Train Time: 0.06s
2020-04-30 02:56:09 [INFO ]  Epoch:   87 [      0/   8544 ( 0%)]	Loss: 1.7200	Data Time: 0.02s	Train Time: 0.06s
2020-04-30 02:56:09 [INFO ]  Epoch:   88 [      0/   8544 ( 0%)]	Loss: 1.7606	Data Time: 0.02s	Train Time: 0.06s
2020-04-30 02:56:10 [INFO ]  Epoch:   89 [      0/   8544 ( 0%)]	Loss: 1.7571	Data Time: 0.02s	Train Time: 0.06s
2020-04-30 02:56:11 [INFO ]  Results saved to text_results/birnn_sst_small_unknown_final/distill_basic/sst5/arch(TextRNN1,xavier,1.0)_distillLR0.5_E(200,30,0.5)_lr0.1_B1x1x1_train(unknown_init)/checkpoints/epoch0090/results.pth
2020-04-30 02:56:11 [INFO ]  
2020-04-30 02:56:11 [INFO ]  Begin of epoch 90 :
2020-04-30 02:56:12 [INFO ]  Begin of epoch 90  (20 unknown_init nets) test results: 
2020-04-30 02:56:12 [INFO ]  	          STEP                   ACCURACY                   LOSS          
2020-04-30 02:56:12 [INFO ]  	            before steps          19.9707 ± 1.91%            1.8333 ± 0.10
2020-04-30 02:56:12 [INFO ]  	     step  1 (lr=0.0498)          23.6182 ± 2.73%            1.7459 ± 0.06
2020-04-30 02:56:12 [INFO ]  
2020-04-30 02:56:12 [INFO ]  Epoch:   90 [      0/   8544 ( 0%)]	Loss: 1.8003	Data Time: 0.02s	Train Time: 0.07s
2020-04-30 02:56:13 [INFO ]  Epoch:   91 [      0/   8544 ( 0%)]	Loss: 1.7766	Data Time: 0.02s	Train Time: 0.06s
2020-04-30 02:56:13 [INFO ]  Epoch:   92 [      0/   8544 ( 0%)]	Loss: 1.7945	Data Time: 0.02s	Train Time: 0.06s
2020-04-30 02:56:14 [INFO ]  Epoch:   93 [      0/   8544 ( 0%)]	Loss: 1.6997	Data Time: 0.02s	Train Time: 0.06s
2020-04-30 02:56:14 [INFO ]  Epoch:   94 [      0/   8544 ( 0%)]	Loss: 1.7530	Data Time: 0.02s	Train Time: 0.06s
2020-04-30 02:56:15 [INFO ]  Epoch:   95 [      0/   8544 ( 0%)]	Loss: 1.7592	Data Time: 0.02s	Train Time: 0.06s
2020-04-30 02:56:16 [INFO ]  Epoch:   96 [      0/   8544 ( 0%)]	Loss: 1.7389	Data Time: 0.02s	Train Time: 0.06s
2020-04-30 02:56:16 [INFO ]  Epoch:   97 [      0/   8544 ( 0%)]	Loss: 1.7231	Data Time: 0.02s	Train Time: 0.06s
2020-04-30 02:56:17 [INFO ]  Epoch:   98 [      0/   8544 ( 0%)]	Loss: 1.8886	Data Time: 0.02s	Train Time: 0.06s
2020-04-30 02:56:18 [INFO ]  Epoch:   99 [      0/   8544 ( 0%)]	Loss: 1.8009	Data Time: 0.02s	Train Time: 0.06s
2020-04-30 02:56:19 [INFO ]  Results saved to text_results/birnn_sst_small_unknown_final/distill_basic/sst5/arch(TextRNN1,xavier,1.0)_distillLR0.5_E(200,30,0.5)_lr0.1_B1x1x1_train(unknown_init)/checkpoints/epoch0100/results.pth
2020-04-30 02:56:19 [INFO ]  
2020-04-30 02:56:19 [INFO ]  Begin of epoch 100 :
2020-04-30 02:56:20 [INFO ]  Begin of epoch 100  (20 unknown_init nets) test results: 
2020-04-30 02:56:20 [INFO ]  	          STEP                   ACCURACY                   LOSS          
2020-04-30 02:56:20 [INFO ]  	            before steps          21.3818 ± 3.03%            1.7976 ± 0.09
2020-04-30 02:56:20 [INFO ]  	     step  1 (lr=0.0532)          24.5947 ± 1.88%            1.7527 ± 0.06
2020-04-30 02:56:20 [INFO ]  
2020-04-30 02:56:20 [INFO ]  Epoch:  100 [      0/   8544 ( 0%)]	Loss: 1.7728	Data Time: 0.02s	Train Time: 0.06s
2020-04-30 02:56:20 [INFO ]  Epoch:  101 [      0/   8544 ( 0%)]	Loss: 1.7188	Data Time: 0.02s	Train Time: 0.06s
2020-04-30 02:56:21 [INFO ]  Epoch:  102 [      0/   8544 ( 0%)]	Loss: 1.7437	Data Time: 0.02s	Train Time: 0.06s
2020-04-30 02:56:22 [INFO ]  Epoch:  103 [      0/   8544 ( 0%)]	Loss: 1.8630	Data Time: 0.02s	Train Time: 0.06s
2020-04-30 02:56:22 [INFO ]  Epoch:  104 [      0/   8544 ( 0%)]	Loss: 1.7533	Data Time: 0.02s	Train Time: 0.06s
2020-04-30 02:56:23 [INFO ]  Epoch:  105 [      0/   8544 ( 0%)]	Loss: 1.7160	Data Time: 0.02s	Train Time: 0.06s
2020-04-30 02:56:23 [INFO ]  Epoch:  106 [      0/   8544 ( 0%)]	Loss: 1.7277	Data Time: 0.02s	Train Time: 0.06s
2020-04-30 02:56:24 [INFO ]  Epoch:  107 [      0/   8544 ( 0%)]	Loss: 1.7955	Data Time: 0.02s	Train Time: 0.07s
2020-04-30 02:56:25 [INFO ]  Epoch:  108 [      0/   8544 ( 0%)]	Loss: 1.7883	Data Time: 0.02s	Train Time: 0.07s
2020-04-30 02:56:25 [INFO ]  Epoch:  109 [      0/   8544 ( 0%)]	Loss: 1.8083	Data Time: 0.02s	Train Time: 0.06s
2020-04-30 02:56:27 [INFO ]  Results saved to text_results/birnn_sst_small_unknown_final/distill_basic/sst5/arch(TextRNN1,xavier,1.0)_distillLR0.5_E(200,30,0.5)_lr0.1_B1x1x1_train(unknown_init)/checkpoints/epoch0110/results.pth
2020-04-30 02:56:27 [INFO ]  
2020-04-30 02:56:27 [INFO ]  Begin of epoch 110 :
2020-04-30 02:56:27 [INFO ]  Begin of epoch 110  (20 unknown_init nets) test results: 
2020-04-30 02:56:27 [INFO ]  	          STEP                   ACCURACY                   LOSS          
2020-04-30 02:56:27 [INFO ]  	            before steps          20.7764 ± 2.94%            1.8007 ± 0.08
2020-04-30 02:56:27 [INFO ]  	     step  1 (lr=0.0511)          24.2041 ± 2.75%            1.7792 ± 0.06
2020-04-30 02:56:27 [INFO ]  
2020-04-30 02:56:27 [INFO ]  Epoch:  110 [      0/   8544 ( 0%)]	Loss: 1.8545	Data Time: 0.02s	Train Time: 0.07s
2020-04-30 02:56:28 [INFO ]  Epoch:  111 [      0/   8544 ( 0%)]	Loss: 1.7432	Data Time: 0.02s	Train Time: 0.06s
2020-04-30 02:56:29 [INFO ]  Epoch:  112 [      0/   8544 ( 0%)]	Loss: 1.6804	Data Time: 0.02s	Train Time: 0.07s
2020-04-30 02:56:29 [INFO ]  Epoch:  113 [      0/   8544 ( 0%)]	Loss: 1.6975	Data Time: 0.02s	Train Time: 0.06s
2020-04-30 02:56:30 [INFO ]  Epoch:  114 [      0/   8544 ( 0%)]	Loss: 1.8140	Data Time: 0.02s	Train Time: 0.06s
2020-04-30 02:56:31 [INFO ]  Epoch:  115 [      0/   8544 ( 0%)]	Loss: 1.7311	Data Time: 0.02s	Train Time: 0.06s
2020-04-30 02:56:31 [INFO ]  Epoch:  116 [      0/   8544 ( 0%)]	Loss: 1.7095	Data Time: 0.02s	Train Time: 0.06s
2020-04-30 02:56:32 [INFO ]  Epoch:  117 [      0/   8544 ( 0%)]	Loss: 1.8893	Data Time: 0.02s	Train Time: 0.07s
2020-04-30 02:56:33 [INFO ]  Epoch:  118 [      0/   8544 ( 0%)]	Loss: 1.7398	Data Time: 0.02s	Train Time: 0.07s
2020-04-30 02:56:33 [INFO ]  Epoch:  119 [      0/   8544 ( 0%)]	Loss: 1.7564	Data Time: 0.02s	Train Time: 0.06s
2020-04-30 02:56:35 [INFO ]  Results saved to text_results/birnn_sst_small_unknown_final/distill_basic/sst5/arch(TextRNN1,xavier,1.0)_distillLR0.5_E(200,30,0.5)_lr0.1_B1x1x1_train(unknown_init)/checkpoints/epoch0120/results.pth
2020-04-30 02:56:35 [INFO ]  
2020-04-30 02:56:35 [INFO ]  Begin of epoch 120 :
2020-04-30 02:56:35 [INFO ]  Begin of epoch 120  (20 unknown_init nets) test results: 
2020-04-30 02:56:35 [INFO ]  	          STEP                   ACCURACY                   LOSS          
2020-04-30 02:56:35 [INFO ]  	            before steps          19.4189 ± 3.72%            1.8277 ± 0.13
2020-04-30 02:56:35 [INFO ]  	     step  1 (lr=0.0551)          23.4717 ± 2.39%            1.7456 ± 0.04
2020-04-30 02:56:35 [INFO ]  
2020-04-30 02:56:35 [INFO ]  Epoch:  120 [      0/   8544 ( 0%)]	Loss: 1.7456	Data Time: 0.02s	Train Time: 0.06s
2020-04-30 02:56:36 [INFO ]  Epoch:  121 [      0/   8544 ( 0%)]	Loss: 1.7167	Data Time: 0.02s	Train Time: 0.06s
2020-04-30 02:56:37 [INFO ]  Epoch:  122 [      0/   8544 ( 0%)]	Loss: 1.7968	Data Time: 0.02s	Train Time: 0.06s
2020-04-30 02:56:37 [INFO ]  Epoch:  123 [      0/   8544 ( 0%)]	Loss: 1.8853	Data Time: 0.02s	Train Time: 0.06s
2020-04-30 02:56:38 [INFO ]  Epoch:  124 [      0/   8544 ( 0%)]	Loss: 1.7307	Data Time: 0.02s	Train Time: 0.07s
2020-04-30 02:56:39 [INFO ]  Epoch:  125 [      0/   8544 ( 0%)]	Loss: 1.7073	Data Time: 0.02s	Train Time: 0.07s
2020-04-30 02:56:39 [INFO ]  Epoch:  126 [      0/   8544 ( 0%)]	Loss: 1.8105	Data Time: 0.02s	Train Time: 0.07s
2020-04-30 02:56:40 [INFO ]  Epoch:  127 [      0/   8544 ( 0%)]	Loss: 1.7227	Data Time: 0.02s	Train Time: 0.06s
2020-04-30 02:56:40 [INFO ]  Epoch:  128 [      0/   8544 ( 0%)]	Loss: 1.8702	Data Time: 0.02s	Train Time: 0.06s
2020-04-30 02:56:41 [INFO ]  Epoch:  129 [      0/   8544 ( 0%)]	Loss: 1.7099	Data Time: 0.02s	Train Time: 0.06s
2020-04-30 02:56:42 [INFO ]  Results saved to text_results/birnn_sst_small_unknown_final/distill_basic/sst5/arch(TextRNN1,xavier,1.0)_distillLR0.5_E(200,30,0.5)_lr0.1_B1x1x1_train(unknown_init)/checkpoints/epoch0130/results.pth
2020-04-30 02:56:42 [INFO ]  
2020-04-30 02:56:42 [INFO ]  Begin of epoch 130 :
2020-04-30 02:56:43 [INFO ]  Begin of epoch 130  (20 unknown_init nets) test results: 
2020-04-30 02:56:43 [INFO ]  	          STEP                   ACCURACY                   LOSS          
2020-04-30 02:56:43 [INFO ]  	            before steps          20.4443 ± 2.33%            1.8268 ± 0.11
2020-04-30 02:56:43 [INFO ]  	     step  1 (lr=0.0516)          23.6084 ± 3.03%            1.7532 ± 0.07
2020-04-30 02:56:43 [INFO ]  
2020-04-30 02:56:43 [INFO ]  Epoch:  130 [      0/   8544 ( 0%)]	Loss: 1.7286	Data Time: 0.02s	Train Time: 0.06s
2020-04-30 02:56:44 [INFO ]  Epoch:  131 [      0/   8544 ( 0%)]	Loss: 1.7528	Data Time: 0.02s	Train Time: 0.06s
2020-04-30 02:56:44 [INFO ]  Epoch:  132 [      0/   8544 ( 0%)]	Loss: 1.6814	Data Time: 0.02s	Train Time: 0.06s
2020-04-30 02:56:45 [INFO ]  Epoch:  133 [      0/   8544 ( 0%)]	Loss: 1.7060	Data Time: 0.02s	Train Time: 0.06s
2020-04-30 02:56:46 [INFO ]  Epoch:  134 [      0/   8544 ( 0%)]	Loss: 1.7060	Data Time: 0.02s	Train Time: 0.07s
2020-04-30 02:56:46 [INFO ]  Epoch:  135 [      0/   8544 ( 0%)]	Loss: 1.7566	Data Time: 0.02s	Train Time: 0.06s
2020-04-30 02:56:47 [INFO ]  Epoch:  136 [      0/   8544 ( 0%)]	Loss: 1.7507	Data Time: 0.02s	Train Time: 0.06s
2020-04-30 02:56:48 [INFO ]  Epoch:  137 [      0/   8544 ( 0%)]	Loss: 1.8144	Data Time: 0.02s	Train Time: 0.07s
2020-04-30 02:56:48 [INFO ]  Epoch:  138 [      0/   8544 ( 0%)]	Loss: 1.7283	Data Time: 0.02s	Train Time: 0.06s
2020-04-30 02:56:49 [INFO ]  Epoch:  139 [      0/   8544 ( 0%)]	Loss: 1.7327	Data Time: 0.02s	Train Time: 0.06s
2020-04-30 02:56:50 [INFO ]  Results saved to text_results/birnn_sst_small_unknown_final/distill_basic/sst5/arch(TextRNN1,xavier,1.0)_distillLR0.5_E(200,30,0.5)_lr0.1_B1x1x1_train(unknown_init)/checkpoints/epoch0140/results.pth
2020-04-30 02:56:50 [INFO ]  
2020-04-30 02:56:50 [INFO ]  Begin of epoch 140 :
2020-04-30 02:56:51 [INFO ]  Begin of epoch 140  (20 unknown_init nets) test results: 
2020-04-30 02:56:51 [INFO ]  	          STEP                   ACCURACY                   LOSS          
2020-04-30 02:56:51 [INFO ]  	            before steps          20.0684 ± 2.01%            1.8288 ± 0.08
2020-04-30 02:56:51 [INFO ]  	     step  1 (lr=0.0493)          22.9980 ± 2.25%            1.7739 ± 0.06
2020-04-30 02:56:51 [INFO ]  
2020-04-30 02:56:51 [INFO ]  Epoch:  140 [      0/   8544 ( 0%)]	Loss: 1.7298	Data Time: 0.02s	Train Time: 0.07s
2020-04-30 02:56:52 [INFO ]  Epoch:  141 [      0/   8544 ( 0%)]	Loss: 1.7679	Data Time: 0.02s	Train Time: 0.06s
2020-04-30 02:56:52 [INFO ]  Epoch:  142 [      0/   8544 ( 0%)]	Loss: 1.8898	Data Time: 0.02s	Train Time: 0.06s
2020-04-30 02:56:53 [INFO ]  Epoch:  143 [      0/   8544 ( 0%)]	Loss: 1.7956	Data Time: 0.02s	Train Time: 0.06s
2020-04-30 02:56:54 [INFO ]  Epoch:  144 [      0/   8544 ( 0%)]	Loss: 1.7354	Data Time: 0.02s	Train Time: 0.06s
2020-04-30 02:56:54 [INFO ]  Epoch:  145 [      0/   8544 ( 0%)]	Loss: 1.7264	Data Time: 0.02s	Train Time: 0.06s
2020-04-30 02:56:55 [INFO ]  Epoch:  146 [      0/   8544 ( 0%)]	Loss: 1.8070	Data Time: 0.02s	Train Time: 0.07s
2020-04-30 02:56:56 [INFO ]  Epoch:  147 [      0/   8544 ( 0%)]	Loss: 1.7703	Data Time: 0.02s	Train Time: 0.06s
2020-04-30 02:56:56 [INFO ]  Epoch:  148 [      0/   8544 ( 0%)]	Loss: 1.7963	Data Time: 0.02s	Train Time: 0.07s
2020-04-30 02:56:57 [INFO ]  Epoch:  149 [      0/   8544 ( 0%)]	Loss: 1.7555	Data Time: 0.02s	Train Time: 0.07s
2020-04-30 02:56:58 [INFO ]  Results saved to text_results/birnn_sst_small_unknown_final/distill_basic/sst5/arch(TextRNN1,xavier,1.0)_distillLR0.5_E(200,30,0.5)_lr0.1_B1x1x1_train(unknown_init)/checkpoints/epoch0150/results.pth
2020-04-30 02:56:58 [INFO ]  
2020-04-30 02:56:58 [INFO ]  Begin of epoch 150 :
2020-04-30 02:56:59 [INFO ]  Begin of epoch 150  (20 unknown_init nets) test results: 
2020-04-30 02:56:59 [INFO ]  	          STEP                   ACCURACY                   LOSS          
2020-04-30 02:56:59 [INFO ]  	            before steps          19.6777 ± 2.45%            1.8468 ± 0.10
2020-04-30 02:56:59 [INFO ]  	     step  1 (lr=0.0507)          23.7256 ± 2.62%            1.7570 ± 0.04
2020-04-30 02:56:59 [INFO ]  
2020-04-30 02:56:59 [INFO ]  Epoch:  150 [      0/   8544 ( 0%)]	Loss: 1.7522	Data Time: 0.02s	Train Time: 0.06s
2020-04-30 02:57:00 [INFO ]  Epoch:  151 [      0/   8544 ( 0%)]	Loss: 1.7191	Data Time: 0.02s	Train Time: 0.07s
2020-04-30 02:57:00 [INFO ]  Epoch:  152 [      0/   8544 ( 0%)]	Loss: 1.7725	Data Time: 0.02s	Train Time: 0.06s
2020-04-30 02:57:01 [INFO ]  Epoch:  153 [      0/   8544 ( 0%)]	Loss: 1.7295	Data Time: 0.02s	Train Time: 0.06s
2020-04-30 02:57:02 [INFO ]  Epoch:  154 [      0/   8544 ( 0%)]	Loss: 1.8259	Data Time: 0.02s	Train Time: 0.06s
2020-04-30 02:57:02 [INFO ]  Epoch:  155 [      0/   8544 ( 0%)]	Loss: 1.7479	Data Time: 0.02s	Train Time: 0.06s
2020-04-30 02:57:03 [INFO ]  Epoch:  156 [      0/   8544 ( 0%)]	Loss: 1.7330	Data Time: 0.02s	Train Time: 0.07s
2020-04-30 02:57:03 [INFO ]  Epoch:  157 [      0/   8544 ( 0%)]	Loss: 1.7766	Data Time: 0.02s	Train Time: 0.06s
2020-04-30 02:57:04 [INFO ]  Epoch:  158 [      0/   8544 ( 0%)]	Loss: 1.8139	Data Time: 0.02s	Train Time: 0.06s
2020-04-30 02:57:05 [INFO ]  Epoch:  159 [      0/   8544 ( 0%)]	Loss: 1.7528	Data Time: 0.02s	Train Time: 0.06s
2020-04-30 02:57:06 [INFO ]  Results saved to text_results/birnn_sst_small_unknown_final/distill_basic/sst5/arch(TextRNN1,xavier,1.0)_distillLR0.5_E(200,30,0.5)_lr0.1_B1x1x1_train(unknown_init)/checkpoints/epoch0160/results.pth
2020-04-30 02:57:06 [INFO ]  
2020-04-30 02:57:06 [INFO ]  Begin of epoch 160 :
2020-04-30 02:57:07 [INFO ]  Begin of epoch 160  (20 unknown_init nets) test results: 
2020-04-30 02:57:07 [INFO ]  	          STEP                   ACCURACY                   LOSS          
2020-04-30 02:57:07 [INFO ]  	            before steps          19.8047 ± 2.79%            1.8342 ± 0.09
2020-04-30 02:57:07 [INFO ]  	     step  1 (lr=0.0516)          23.6963 ± 2.42%            1.7725 ± 0.05
2020-04-30 02:57:07 [INFO ]  
2020-04-30 02:57:07 [INFO ]  Epoch:  160 [      0/   8544 ( 0%)]	Loss: 1.8063	Data Time: 0.02s	Train Time: 0.06s
2020-04-30 02:57:07 [INFO ]  Epoch:  161 [      0/   8544 ( 0%)]	Loss: 1.8176	Data Time: 0.02s	Train Time: 0.06s
2020-04-30 02:57:08 [INFO ]  Epoch:  162 [      0/   8544 ( 0%)]	Loss: 1.8390	Data Time: 0.02s	Train Time: 0.06s
2020-04-30 02:57:09 [INFO ]  Epoch:  163 [      0/   8544 ( 0%)]	Loss: 1.6948	Data Time: 0.02s	Train Time: 0.06s
2020-04-30 02:57:09 [INFO ]  Epoch:  164 [      0/   8544 ( 0%)]	Loss: 1.7636	Data Time: 0.02s	Train Time: 0.06s
2020-04-30 02:57:10 [INFO ]  Epoch:  165 [      0/   8544 ( 0%)]	Loss: 1.7547	Data Time: 0.02s	Train Time: 0.06s
2020-04-30 02:57:11 [INFO ]  Epoch:  166 [      0/   8544 ( 0%)]	Loss: 1.7125	Data Time: 0.02s	Train Time: 0.06s
2020-04-30 02:57:11 [INFO ]  Epoch:  167 [      0/   8544 ( 0%)]	Loss: 1.7565	Data Time: 0.02s	Train Time: 0.06s
2020-04-30 02:57:12 [INFO ]  Epoch:  168 [      0/   8544 ( 0%)]	Loss: 1.7872	Data Time: 0.02s	Train Time: 0.06s
2020-04-30 02:57:13 [INFO ]  Epoch:  169 [      0/   8544 ( 0%)]	Loss: 1.7590	Data Time: 0.02s	Train Time: 0.07s
2020-04-30 02:57:14 [INFO ]  Results saved to text_results/birnn_sst_small_unknown_final/distill_basic/sst5/arch(TextRNN1,xavier,1.0)_distillLR0.5_E(200,30,0.5)_lr0.1_B1x1x1_train(unknown_init)/checkpoints/epoch0170/results.pth
2020-04-30 02:57:14 [INFO ]  
2020-04-30 02:57:14 [INFO ]  Begin of epoch 170 :
2020-04-30 02:57:14 [INFO ]  Begin of epoch 170  (20 unknown_init nets) test results: 
2020-04-30 02:57:14 [INFO ]  	          STEP                   ACCURACY                   LOSS          
2020-04-30 02:57:14 [INFO ]  	            before steps          19.6436 ± 2.36%            1.8323 ± 0.09
2020-04-30 02:57:14 [INFO ]  	     step  1 (lr=0.0508)          23.8428 ± 1.83%            1.7555 ± 0.05
2020-04-30 02:57:14 [INFO ]  
2020-04-30 02:57:14 [INFO ]  Epoch:  170 [      0/   8544 ( 0%)]	Loss: 1.7453	Data Time: 0.02s	Train Time: 0.06s
2020-04-30 02:57:15 [INFO ]  Epoch:  171 [      0/   8544 ( 0%)]	Loss: 1.7594	Data Time: 0.02s	Train Time: 0.06s
2020-04-30 02:57:16 [INFO ]  Epoch:  172 [      0/   8544 ( 0%)]	Loss: 1.7591	Data Time: 0.02s	Train Time: 0.07s
2020-04-30 02:57:16 [INFO ]  Epoch:  173 [      0/   8544 ( 0%)]	Loss: 1.7798	Data Time: 0.02s	Train Time: 0.06s
2020-04-30 02:57:17 [INFO ]  Epoch:  174 [      0/   8544 ( 0%)]	Loss: 1.8230	Data Time: 0.02s	Train Time: 0.07s
2020-04-30 02:57:18 [INFO ]  Epoch:  175 [      0/   8544 ( 0%)]	Loss: 1.7619	Data Time: 0.02s	Train Time: 0.07s
2020-04-30 02:57:19 [INFO ]  Epoch:  176 [      0/   8544 ( 0%)]	Loss: 1.7252	Data Time: 0.02s	Train Time: 0.07s
2020-04-30 02:57:19 [INFO ]  Epoch:  177 [      0/   8544 ( 0%)]	Loss: 1.6880	Data Time: 0.02s	Train Time: 0.07s
2020-04-30 02:57:20 [INFO ]  Epoch:  178 [      0/   8544 ( 0%)]	Loss: 1.6936	Data Time: 0.02s	Train Time: 0.07s
2020-04-30 02:57:21 [INFO ]  Epoch:  179 [      0/   8544 ( 0%)]	Loss: 1.7458	Data Time: 0.02s	Train Time: 0.07s
2020-04-30 02:57:22 [INFO ]  Results saved to text_results/birnn_sst_small_unknown_final/distill_basic/sst5/arch(TextRNN1,xavier,1.0)_distillLR0.5_E(200,30,0.5)_lr0.1_B1x1x1_train(unknown_init)/checkpoints/epoch0180/results.pth
2020-04-30 02:57:22 [INFO ]  
2020-04-30 02:57:22 [INFO ]  Begin of epoch 180 :
2020-04-30 02:57:23 [INFO ]  Begin of epoch 180  (20 unknown_init nets) test results: 
2020-04-30 02:57:23 [INFO ]  	          STEP                   ACCURACY                   LOSS          
2020-04-30 02:57:23 [INFO ]  	            before steps          20.0195 ± 3.37%            1.8314 ± 0.09
2020-04-30 02:57:23 [INFO ]  	     step  1 (lr=0.0511)          23.7500 ± 2.90%            1.7703 ± 0.06
2020-04-30 02:57:23 [INFO ]  
2020-04-30 02:57:23 [INFO ]  Epoch:  180 [      0/   8544 ( 0%)]	Loss: 1.7775	Data Time: 0.02s	Train Time: 0.07s
2020-04-30 02:57:23 [INFO ]  Epoch:  181 [      0/   8544 ( 0%)]	Loss: 1.8504	Data Time: 0.02s	Train Time: 0.06s
2020-04-30 02:57:24 [INFO ]  Epoch:  182 [      0/   8544 ( 0%)]	Loss: 1.7671	Data Time: 0.02s	Train Time: 0.06s
2020-04-30 02:57:25 [INFO ]  Epoch:  183 [      0/   8544 ( 0%)]	Loss: 1.8124	Data Time: 0.02s	Train Time: 0.06s
2020-04-30 02:57:25 [INFO ]  Epoch:  184 [      0/   8544 ( 0%)]	Loss: 1.7127	Data Time: 0.02s	Train Time: 0.06s
2020-04-30 02:57:26 [INFO ]  Epoch:  185 [      0/   8544 ( 0%)]	Loss: 1.7904	Data Time: 0.02s	Train Time: 0.06s
2020-04-30 02:57:27 [INFO ]  Epoch:  186 [      0/   8544 ( 0%)]	Loss: 1.7488	Data Time: 0.02s	Train Time: 0.06s
2020-04-30 02:57:27 [INFO ]  Epoch:  187 [      0/   8544 ( 0%)]	Loss: 1.7385	Data Time: 0.02s	Train Time: 0.06s
2020-04-30 02:57:28 [INFO ]  Epoch:  188 [      0/   8544 ( 0%)]	Loss: 1.7377	Data Time: 0.02s	Train Time: 0.06s
2020-04-30 02:57:29 [INFO ]  Epoch:  189 [      0/   8544 ( 0%)]	Loss: 1.8211	Data Time: 0.02s	Train Time: 0.06s
2020-04-30 02:57:30 [INFO ]  Results saved to text_results/birnn_sst_small_unknown_final/distill_basic/sst5/arch(TextRNN1,xavier,1.0)_distillLR0.5_E(200,30,0.5)_lr0.1_B1x1x1_train(unknown_init)/checkpoints/epoch0190/results.pth
2020-04-30 02:57:30 [INFO ]  
2020-04-30 02:57:30 [INFO ]  Begin of epoch 190 :
2020-04-30 02:57:30 [INFO ]  Begin of epoch 190  (20 unknown_init nets) test results: 
2020-04-30 02:57:30 [INFO ]  	          STEP                   ACCURACY                   LOSS          
2020-04-30 02:57:30 [INFO ]  	            before steps          20.9619 ± 3.29%            1.7879 ± 0.07
2020-04-30 02:57:30 [INFO ]  	     step  1 (lr=0.0501)          23.6865 ± 2.78%            1.7498 ± 0.06
2020-04-30 02:57:30 [INFO ]  
2020-04-30 02:57:30 [INFO ]  Epoch:  190 [      0/   8544 ( 0%)]	Loss: 1.7304	Data Time: 0.02s	Train Time: 0.06s
2020-04-30 02:57:31 [INFO ]  Epoch:  191 [      0/   8544 ( 0%)]	Loss: 1.7049	Data Time: 0.02s	Train Time: 0.06s
2020-04-30 02:57:32 [INFO ]  Epoch:  192 [      0/   8544 ( 0%)]	Loss: 1.6969	Data Time: 0.02s	Train Time: 0.06s
2020-04-30 02:57:32 [INFO ]  Epoch:  193 [      0/   8544 ( 0%)]	Loss: 1.7012	Data Time: 0.02s	Train Time: 0.06s
2020-04-30 02:57:33 [INFO ]  Epoch:  194 [      0/   8544 ( 0%)]	Loss: 1.8519	Data Time: 0.02s	Train Time: 0.06s
2020-04-30 02:57:34 [INFO ]  Epoch:  195 [      0/   8544 ( 0%)]	Loss: 1.6691	Data Time: 0.02s	Train Time: 0.06s
2020-04-30 02:57:34 [INFO ]  Epoch:  196 [      0/   8544 ( 0%)]	Loss: 1.7051	Data Time: 0.02s	Train Time: 0.07s
2020-04-30 02:57:35 [INFO ]  Epoch:  197 [      0/   8544 ( 0%)]	Loss: 1.8249	Data Time: 0.02s	Train Time: 0.06s
2020-04-30 02:57:36 [INFO ]  Epoch:  198 [      0/   8544 ( 0%)]	Loss: 1.7387	Data Time: 0.02s	Train Time: 0.06s
2020-04-30 02:57:36 [INFO ]  Epoch:  199 [      0/   8544 ( 0%)]	Loss: 1.7739	Data Time: 0.02s	Train Time: 0.06s
2020-04-30 02:57:38 [INFO ]  Results saved to text_results/birnn_sst_small_unknown_final/distill_basic/sst5/arch(TextRNN1,xavier,1.0)_distillLR0.5_E(200,30,0.5)_lr0.1_B1x1x1_train(unknown_init)/results.pth
2020-04-30 02:57:38 [INFO ]  
2020-04-30 02:57:38 [INFO ]  distilled with 1 steps and 1 epochs  (test ALL):
2020-04-30 02:57:38 [INFO ]  distilled with 1 steps and 1 epochs  (20 unknown_init nets) test results: 
2020-04-30 02:57:38 [INFO ]  	          STEP                   ACCURACY                   LOSS          
2020-04-30 02:57:38 [INFO ]  	            before steps          20.0430 ± 1.93%            1.8218 ± 0.10
2020-04-30 02:57:38 [INFO ]  	     step  1 (lr=0.0497)          23.5566 ± 1.72%            1.7551 ± 0.06
2020-04-30 02:57:38 [INFO ]  
