2020-04-19 05:34:09 [INFO ]  ======================================== 2020-04-19 05:34:09 ========================================
2020-04-19 05:34:09 [INFO ]  Base directory is text_results/bilstm_trec_final_small_unk_softmax/distill_basic/trec6/arch(TextLSTM2,xavier,1.0)_distillLR1.5_E(200,30,0.5)_lr0.1_B1x1x2_train(unknown_init)
2020-04-19 05:34:09 [INFO ]  Options: 
2020-04-19 05:34:09 [INFO ]  	add_first: true
2020-04-19 05:34:09 [INFO ]  	add_label_scaling: 0
2020-04-19 05:34:09 [INFO ]  	arch: TextLSTM2
2020-04-19 05:34:09 [INFO ]  	attack_class: 0
2020-04-19 05:34:09 [INFO ]  	base_seed: 1
2020-04-19 05:34:09 [INFO ]  	batch_size: 1024
2020-04-19 05:34:09 [INFO ]  	checkpoint_interval: 10
2020-04-19 05:34:09 [INFO ]  	dataset: trec6
2020-04-19 05:34:09 [INFO ]  	dataset_labels:
2020-04-19 05:34:09 [INFO ]  	- 0
2020-04-19 05:34:09 [INFO ]  	- 1
2020-04-19 05:34:09 [INFO ]  	- 2
2020-04-19 05:34:09 [INFO ]  	- 3
2020-04-19 05:34:09 [INFO ]  	- 4
2020-04-19 05:34:09 [INFO ]  	- 5
2020-04-19 05:34:09 [INFO ]  	dataset_normalization: !!python/tuple
2020-04-19 05:34:09 [INFO ]  	- !!python/tuple
2020-04-19 05:34:09 [INFO ]  	    - 0
2020-04-19 05:34:09 [INFO ]  	- !!python/tuple
2020-04-19 05:34:09 [INFO ]  	    - 0
2020-04-19 05:34:09 [INFO ]  	dataset_root: ./data/text/trec
2020-04-19 05:34:09 [INFO ]  	decay_epochs: 30
2020-04-19 05:34:09 [INFO ]  	decay_factor: 0.5
2020-04-19 05:34:09 [INFO ]  	device_id: 0
2020-04-19 05:34:09 [INFO ]  	dist_metric: MSE
2020-04-19 05:34:09 [INFO ]  	distill_epochs: 2
2020-04-19 05:34:09 [INFO ]  	distill_lr: 1.5
2020-04-19 05:34:09 [INFO ]  	distill_steps: 1
2020-04-19 05:34:09 [INFO ]  	distilled_images_per_class_per_step: 1
2020-04-19 05:34:09 [INFO ]  	distributed: false
2020-04-19 05:34:09 [INFO ]  	dropout: false
2020-04-19 05:34:09 [INFO ]  	epochs: 200
2020-04-19 05:34:09 [INFO ]  	expr_name_format: null
2020-04-19 05:34:09 [INFO ]  	freeze_data: false
2020-04-19 05:34:09 [INFO ]  	image_dpi: 80
2020-04-19 05:34:09 [INFO ]  	init: xavier
2020-04-19 05:34:09 [INFO ]  	init_labels:
2020-04-19 05:34:09 [INFO ]  	- 0
2020-04-19 05:34:09 [INFO ]  	- 1
2020-04-19 05:34:09 [INFO ]  	- 2
2020-04-19 05:34:09 [INFO ]  	- 3
2020-04-19 05:34:09 [INFO ]  	- 4
2020-04-19 05:34:09 [INFO ]  	- 5
2020-04-19 05:34:09 [INFO ]  	init_param: 1.0
2020-04-19 05:34:09 [INFO ]  	input_size: 30
2020-04-19 05:34:09 [INFO ]  	invert_dist: false
2020-04-19 05:34:09 [INFO ]  	label_softmax: true
2020-04-19 05:34:09 [INFO ]  	learnable_embedding: false
2020-04-19 05:34:09 [INFO ]  	log_file: text_results/bilstm_trec_final_small_unk_softmax/distill_basic/trec6/arch(TextLSTM2,xavier,1.0)_distillLR1.5_E(200,30,0.5)_lr0.1_B1x1x2_train(unknown_init)/output.log
2020-04-19 05:34:09 [INFO ]  	log_interval: 100
2020-04-19 05:34:09 [INFO ]  	log_level: INFO
2020-04-19 05:34:09 [INFO ]  	lr: 0.1
2020-04-19 05:34:09 [INFO ]  	maxlen: 30
2020-04-19 05:34:09 [INFO ]  	mode: distill_basic
2020-04-19 05:34:09 [INFO ]  	model_dir: ./models/
2020-04-19 05:34:09 [INFO ]  	model_subdir_format: null
2020-04-19 05:34:09 [INFO ]  	mult_label_scaling: 1
2020-04-19 05:34:09 [INFO ]  	n_nets: 1
2020-04-19 05:34:09 [INFO ]  	nc: 1
2020-04-19 05:34:09 [INFO ]  	ninp: 100
2020-04-19 05:34:09 [INFO ]  	no_log: false
2020-04-19 05:34:09 [INFO ]  	ntoken: 8679
2020-04-19 05:34:09 [INFO ]  	num_classes: 6
2020-04-19 05:34:09 [INFO ]  	num_distill_classes: 6
2020-04-19 05:34:09 [INFO ]  	num_workers: 8
2020-04-19 05:34:09 [INFO ]  	phase: train
2020-04-19 05:34:09 [INFO ]  	random_init_labels: ''
2020-04-19 05:34:09 [INFO ]  	reproduction_test: false
2020-04-19 05:34:09 [INFO ]  	results_dir: text_results/bilstm_trec_final_small_unk_softmax
2020-04-19 05:34:09 [INFO ]  	sample_n_nets: 1
2020-04-19 05:34:09 [INFO ]  	source_dataset: null
2020-04-19 05:34:09 [INFO ]  	start_time: '2020-04-19 05:34:09'
2020-04-19 05:34:09 [INFO ]  	static_labels: 0
2020-04-19 05:34:09 [INFO ]  	target_class: 1
2020-04-19 05:34:09 [INFO ]  	test_batch_size: 1024
2020-04-19 05:34:09 [INFO ]  	test_distill_epochs: null
2020-04-19 05:34:09 [INFO ]  	test_distilled_images: loaded
2020-04-19 05:34:09 [INFO ]  	test_distilled_lrs:
2020-04-19 05:34:09 [INFO ]  	- loaded
2020-04-19 05:34:09 [INFO ]  	test_n_nets: 1
2020-04-19 05:34:09 [INFO ]  	test_n_runs: 1
2020-04-19 05:34:09 [INFO ]  	test_name_format: null
2020-04-19 05:34:09 [INFO ]  	test_nets_type: unknown_init
2020-04-19 05:34:09 [INFO ]  	test_niter: 1
2020-04-19 05:34:09 [INFO ]  	test_optimize_n_nets: 20
2020-04-19 05:34:09 [INFO ]  	test_optimize_n_runs: null
2020-04-19 05:34:09 [INFO ]  	textdata: true
2020-04-19 05:34:09 [INFO ]  	train_nets_type: unknown_init
2020-04-19 05:34:09 [INFO ]  	visualize: true
2020-04-19 05:34:09 [INFO ]  	world_rank: 0
2020-04-19 05:34:09 [INFO ]  	world_size: 1
2020-04-19 05:34:09 [INFO ]  	
2020-04-19 05:34:09 [INFO ]  Loading vectors from .vector_cache/glove.6B.100d.txt_8679.pt
2020-04-19 05:34:09 [INFO ]  Loading vectors from .vector_cache/glove.6B.100d.txt_8679.pt
2020-04-19 05:34:09 [INFO ]  train dataset size:	5452
2020-04-19 05:34:09 [INFO ]  test dataset size: 	500
2020-04-19 05:34:09 [INFO ]  datasets built!
2020-04-19 05:34:09 [INFO ]  mode: distill_basic, phase: train
2020-04-19 05:34:09 [INFO ]  Build 1 TextLSTM2 network(s) with [xavier(1.0)] init
2020-04-19 05:34:11 [INFO ]  Build 1 TextLSTM2 network(s) with [xavier(1.0)] init
2020-04-19 05:34:11 [INFO ]  Train 1 steps iterated for 2 epochs
2020-04-19 05:34:20 [INFO ]  ======================================== 2020-04-19 05:34:20 ========================================
2020-04-19 05:34:20 [INFO ]  Base directory is text_results/bilstm_trec_final_small_unk_softmax/distill_basic/trec6/arch(TextLSTM2,xavier,1.0)_distillLR1.5_E(200,30,0.5)_lr0.1_B1x1x2_train(unknown_init)
2020-04-19 05:34:20 [INFO ]  Options: 
2020-04-19 05:34:20 [INFO ]  	add_first: true
2020-04-19 05:34:20 [INFO ]  	add_label_scaling: 0
2020-04-19 05:34:20 [INFO ]  	arch: TextLSTM2
2020-04-19 05:34:20 [INFO ]  	attack_class: 0
2020-04-19 05:34:20 [INFO ]  	base_seed: 1
2020-04-19 05:34:20 [INFO ]  	batch_size: 1024
2020-04-19 05:34:20 [INFO ]  	checkpoint_interval: 10
2020-04-19 05:34:20 [INFO ]  	dataset: trec6
2020-04-19 05:34:20 [INFO ]  	dataset_labels:
2020-04-19 05:34:20 [INFO ]  	- 0
2020-04-19 05:34:20 [INFO ]  	- 1
2020-04-19 05:34:20 [INFO ]  	- 2
2020-04-19 05:34:20 [INFO ]  	- 3
2020-04-19 05:34:20 [INFO ]  	- 4
2020-04-19 05:34:20 [INFO ]  	- 5
2020-04-19 05:34:20 [INFO ]  	dataset_normalization: !!python/tuple
2020-04-19 05:34:20 [INFO ]  	- !!python/tuple
2020-04-19 05:34:20 [INFO ]  	    - 0
2020-04-19 05:34:20 [INFO ]  	- !!python/tuple
2020-04-19 05:34:20 [INFO ]  	    - 0
2020-04-19 05:34:20 [INFO ]  	dataset_root: ./data/text/trec
2020-04-19 05:34:20 [INFO ]  	decay_epochs: 30
2020-04-19 05:34:20 [INFO ]  	decay_factor: 0.5
2020-04-19 05:34:20 [INFO ]  	device_id: 0
2020-04-19 05:34:20 [INFO ]  	dist_metric: MSE
2020-04-19 05:34:20 [INFO ]  	distill_epochs: 2
2020-04-19 05:34:20 [INFO ]  	distill_lr: 1.5
2020-04-19 05:34:20 [INFO ]  	distill_steps: 1
2020-04-19 05:34:20 [INFO ]  	distilled_images_per_class_per_step: 1
2020-04-19 05:34:20 [INFO ]  	distributed: false
2020-04-19 05:34:20 [INFO ]  	dropout: false
2020-04-19 05:34:20 [INFO ]  	epochs: 200
2020-04-19 05:34:20 [INFO ]  	expr_name_format: null
2020-04-19 05:34:20 [INFO ]  	freeze_data: false
2020-04-19 05:34:20 [INFO ]  	image_dpi: 80
2020-04-19 05:34:20 [INFO ]  	init: xavier
2020-04-19 05:34:20 [INFO ]  	init_labels:
2020-04-19 05:34:20 [INFO ]  	- 0
2020-04-19 05:34:20 [INFO ]  	- 1
2020-04-19 05:34:20 [INFO ]  	- 2
2020-04-19 05:34:20 [INFO ]  	- 3
2020-04-19 05:34:20 [INFO ]  	- 4
2020-04-19 05:34:20 [INFO ]  	- 5
2020-04-19 05:34:20 [INFO ]  	init_param: 1.0
2020-04-19 05:34:20 [INFO ]  	input_size: 30
2020-04-19 05:34:20 [INFO ]  	invert_dist: false
2020-04-19 05:34:20 [INFO ]  	label_softmax: true
2020-04-19 05:34:20 [INFO ]  	learnable_embedding: false
2020-04-19 05:34:20 [INFO ]  	log_file: text_results/bilstm_trec_final_small_unk_softmax/distill_basic/trec6/arch(TextLSTM2,xavier,1.0)_distillLR1.5_E(200,30,0.5)_lr0.1_B1x1x2_train(unknown_init)/output.log
2020-04-19 05:34:20 [INFO ]  	log_interval: 100
2020-04-19 05:34:20 [INFO ]  	log_level: INFO
2020-04-19 05:34:20 [INFO ]  	lr: 0.1
2020-04-19 05:34:20 [INFO ]  	maxlen: 30
2020-04-19 05:34:20 [INFO ]  	mode: distill_basic
2020-04-19 05:34:20 [INFO ]  	model_dir: ./models/
2020-04-19 05:34:20 [INFO ]  	model_subdir_format: null
2020-04-19 05:34:20 [INFO ]  	mult_label_scaling: 1
2020-04-19 05:34:20 [INFO ]  	n_nets: 1
2020-04-19 05:34:20 [INFO ]  	nc: 1
2020-04-19 05:34:20 [INFO ]  	ninp: 100
2020-04-19 05:34:20 [INFO ]  	no_log: false
2020-04-19 05:34:20 [INFO ]  	ntoken: 8679
2020-04-19 05:34:20 [INFO ]  	num_classes: 6
2020-04-19 05:34:20 [INFO ]  	num_distill_classes: 6
2020-04-19 05:34:20 [INFO ]  	num_workers: 8
2020-04-19 05:34:20 [INFO ]  	phase: train
2020-04-19 05:34:20 [INFO ]  	random_init_labels: ''
2020-04-19 05:34:20 [INFO ]  	reproduction_test: false
2020-04-19 05:34:20 [INFO ]  	results_dir: text_results/bilstm_trec_final_small_unk_softmax
2020-04-19 05:34:20 [INFO ]  	sample_n_nets: 1
2020-04-19 05:34:20 [INFO ]  	source_dataset: null
2020-04-19 05:34:20 [INFO ]  	start_time: '2020-04-19 05:34:20'
2020-04-19 05:34:20 [INFO ]  	static_labels: 0
2020-04-19 05:34:20 [INFO ]  	target_class: 1
2020-04-19 05:34:20 [INFO ]  	test_batch_size: 1024
2020-04-19 05:34:20 [INFO ]  	test_distill_epochs: null
2020-04-19 05:34:20 [INFO ]  	test_distilled_images: loaded
2020-04-19 05:34:20 [INFO ]  	test_distilled_lrs:
2020-04-19 05:34:20 [INFO ]  	- loaded
2020-04-19 05:34:20 [INFO ]  	test_n_nets: 20
2020-04-19 05:34:20 [INFO ]  	test_n_runs: 1
2020-04-19 05:34:20 [INFO ]  	test_name_format: null
2020-04-19 05:34:20 [INFO ]  	test_nets_type: unknown_init
2020-04-19 05:34:20 [INFO ]  	test_niter: 1
2020-04-19 05:34:20 [INFO ]  	test_optimize_n_nets: 20
2020-04-19 05:34:20 [INFO ]  	test_optimize_n_runs: null
2020-04-19 05:34:20 [INFO ]  	textdata: true
2020-04-19 05:34:20 [INFO ]  	train_nets_type: unknown_init
2020-04-19 05:34:20 [INFO ]  	visualize: true
2020-04-19 05:34:20 [INFO ]  	world_rank: 0
2020-04-19 05:34:20 [INFO ]  	world_size: 1
2020-04-19 05:34:20 [INFO ]  	
2020-04-19 05:34:20 [WARNING]  text_results/bilstm_trec_final_small_unk_softmax/distill_basic/trec6/arch(TextLSTM2,xavier,1.0)_distillLR1.5_E(200,30,0.5)_lr0.1_B1x1x2_train(unknown_init)/opt.yaml already exists, moved to text_results/bilstm_trec_final_small_unk_softmax/distill_basic/trec6/arch(TextLSTM2,xavier,1.0)_distillLR1.5_E(200,30,0.5)_lr0.1_B1x1x2_train(unknown_init)/old_opts/opt_2020_04_19__05_34_09.yaml
2020-04-19 05:34:20 [INFO ]  Loading vectors from .vector_cache/glove.6B.100d.txt_8679.pt
2020-04-19 05:34:20 [INFO ]  Loading vectors from .vector_cache/glove.6B.100d.txt_8679.pt
2020-04-19 05:34:21 [INFO ]  train dataset size:	5452
2020-04-19 05:34:21 [INFO ]  test dataset size: 	500
2020-04-19 05:34:21 [INFO ]  datasets built!
2020-04-19 05:34:21 [INFO ]  mode: distill_basic, phase: train
2020-04-19 05:34:21 [INFO ]  Build 1 TextLSTM2 network(s) with [xavier(1.0)] init
2020-04-19 05:34:23 [INFO ]  Build 1 TextLSTM2 network(s) with [xavier(1.0)] init
2020-04-19 05:34:23 [INFO ]  Train 1 steps iterated for 2 epochs
2020-04-19 05:34:26 [INFO ]  Results saved to text_results/bilstm_trec_final_small_unk_softmax/distill_basic/trec6/arch(TextLSTM2,xavier,1.0)_distillLR1.5_E(200,30,0.5)_lr0.1_B1x1x2_train(unknown_init)/checkpoints/epoch0000/results.pth
2020-04-19 05:34:26 [INFO ]  
2020-04-19 05:34:26 [INFO ]  Begin of epoch 0 :
2020-04-19 05:34:28 [INFO ]  Begin of epoch 0  (20 unknown_init nets) test results: 
2020-04-19 05:34:28 [INFO ]  	          STEP                   ACCURACY                   LOSS          
2020-04-19 05:34:28 [INFO ]  	            before steps          15.4700 ±10.23%            1.7932 ± 0.01
2020-04-19 05:34:28 [INFO ]  	     step  2 (lr=1.5000)          15.5500 ± 7.29%            1.7948 ± 0.01
2020-04-19 05:34:28 [INFO ]  
2020-04-19 05:34:28 [INFO ]  Epoch:    0 [      0/   5452 ( 0%)]	Loss: 1.7825	Data Time: 0.07s	Train Time: 0.54s
2020-04-19 05:34:31 [INFO ]  Epoch:    1 [      0/   5452 ( 0%)]	Loss: 1.7107	Data Time: 0.02s	Train Time: 0.53s
2020-04-19 05:34:35 [INFO ]  Epoch:    2 [      0/   5452 ( 0%)]	Loss: 1.6321	Data Time: 0.02s	Train Time: 0.52s
2020-04-19 05:34:38 [INFO ]  Epoch:    3 [      0/   5452 ( 0%)]	Loss: 1.5468	Data Time: 0.02s	Train Time: 0.53s
2020-04-19 05:34:41 [INFO ]  Epoch:    4 [      0/   5452 ( 0%)]	Loss: 1.5380	Data Time: 0.02s	Train Time: 0.53s
2020-04-19 05:34:45 [INFO ]  Epoch:    5 [      0/   5452 ( 0%)]	Loss: 1.4962	Data Time: 0.02s	Train Time: 0.52s
2020-04-19 05:34:48 [INFO ]  Epoch:    6 [      0/   5452 ( 0%)]	Loss: 1.4722	Data Time: 0.02s	Train Time: 0.53s
2020-04-19 05:34:51 [INFO ]  Epoch:    7 [      0/   5452 ( 0%)]	Loss: 1.6066	Data Time: 0.02s	Train Time: 0.53s
2020-04-19 05:34:54 [INFO ]  Epoch:    8 [      0/   5452 ( 0%)]	Loss: 1.3917	Data Time: 0.02s	Train Time: 0.52s
2020-04-19 05:34:58 [INFO ]  Epoch:    9 [      0/   5452 ( 0%)]	Loss: 1.2974	Data Time: 0.02s	Train Time: 0.52s
2020-04-19 05:35:03 [INFO ]  Results saved to text_results/bilstm_trec_final_small_unk_softmax/distill_basic/trec6/arch(TextLSTM2,xavier,1.0)_distillLR1.5_E(200,30,0.5)_lr0.1_B1x1x2_train(unknown_init)/checkpoints/epoch0010/results.pth
2020-04-19 05:35:03 [INFO ]  
2020-04-19 05:35:03 [INFO ]  Begin of epoch 10 :
2020-04-19 05:35:05 [INFO ]  Begin of epoch 10  (20 unknown_init nets) test results: 
2020-04-19 05:35:05 [INFO ]  	          STEP                   ACCURACY                   LOSS          
2020-04-19 05:35:05 [INFO ]  	            before steps          17.8300 ± 6.59%            1.7907 ± 0.01
2020-04-19 05:35:05 [INFO ]  	     step  2 (lr=6.3389)          52.6000 ± 5.53%            1.3583 ± 0.07
2020-04-19 05:35:05 [INFO ]  
2020-04-19 05:35:05 [INFO ]  Epoch:   10 [      0/   5452 ( 0%)]	Loss: 1.4360	Data Time: 0.02s	Train Time: 0.53s
2020-04-19 05:35:09 [INFO ]  Epoch:   11 [      0/   5452 ( 0%)]	Loss: 1.2739	Data Time: 0.02s	Train Time: 0.52s
2020-04-19 05:35:12 [INFO ]  Epoch:   12 [      0/   5452 ( 0%)]	Loss: 1.3043	Data Time: 0.02s	Train Time: 0.53s
2020-04-19 05:35:15 [INFO ]  Epoch:   13 [      0/   5452 ( 0%)]	Loss: 1.1692	Data Time: 0.02s	Train Time: 0.54s
2020-04-19 05:35:19 [INFO ]  Epoch:   14 [      0/   5452 ( 0%)]	Loss: 1.2799	Data Time: 0.02s	Train Time: 0.53s
2020-04-19 05:35:22 [INFO ]  Epoch:   15 [      0/   5452 ( 0%)]	Loss: 1.6350	Data Time: 0.02s	Train Time: 0.53s
2020-04-19 05:35:25 [INFO ]  Epoch:   16 [      0/   5452 ( 0%)]	Loss: 1.2989	Data Time: 0.02s	Train Time: 0.53s
2020-04-19 05:35:29 [INFO ]  Epoch:   17 [      0/   5452 ( 0%)]	Loss: 1.2408	Data Time: 0.02s	Train Time: 0.52s
2020-04-19 05:35:32 [INFO ]  Epoch:   18 [      0/   5452 ( 0%)]	Loss: 1.2879	Data Time: 0.02s	Train Time: 0.53s
2020-04-19 05:35:35 [INFO ]  Epoch:   19 [      0/   5452 ( 0%)]	Loss: 1.2579	Data Time: 0.02s	Train Time: 0.51s
2020-04-19 05:35:40 [INFO ]  Results saved to text_results/bilstm_trec_final_small_unk_softmax/distill_basic/trec6/arch(TextLSTM2,xavier,1.0)_distillLR1.5_E(200,30,0.5)_lr0.1_B1x1x2_train(unknown_init)/checkpoints/epoch0020/results.pth
2020-04-19 05:35:40 [INFO ]  
2020-04-19 05:35:40 [INFO ]  Begin of epoch 20 :
2020-04-19 05:35:42 [INFO ]  Begin of epoch 20  (20 unknown_init nets) test results: 
2020-04-19 05:35:42 [INFO ]  	          STEP                   ACCURACY                   LOSS          
2020-04-19 05:35:42 [INFO ]  	            before steps          17.6600 ± 8.19%            1.7933 ± 0.01
2020-04-19 05:35:42 [INFO ]  	     step  2 (lr=8.8290)          51.8800 ± 6.06%            1.3308 ± 0.14
2020-04-19 05:35:42 [INFO ]  
2020-04-19 05:35:43 [INFO ]  Epoch:   20 [      0/   5452 ( 0%)]	Loss: 1.3740	Data Time: 0.02s	Train Time: 0.52s
2020-04-19 05:35:46 [INFO ]  Epoch:   21 [      0/   5452 ( 0%)]	Loss: 1.2025	Data Time: 0.02s	Train Time: 0.53s
2020-04-19 05:35:49 [INFO ]  Epoch:   22 [      0/   5452 ( 0%)]	Loss: 1.1951	Data Time: 0.02s	Train Time: 0.53s
2020-04-19 05:35:53 [INFO ]  Epoch:   23 [      0/   5452 ( 0%)]	Loss: 1.2221	Data Time: 0.02s	Train Time: 0.53s
2020-04-19 05:35:56 [INFO ]  Epoch:   24 [      0/   5452 ( 0%)]	Loss: 1.2329	Data Time: 0.02s	Train Time: 0.54s
2020-04-19 05:35:59 [INFO ]  Epoch:   25 [      0/   5452 ( 0%)]	Loss: 1.3075	Data Time: 0.02s	Train Time: 0.54s
2020-04-19 05:36:03 [INFO ]  Epoch:   26 [      0/   5452 ( 0%)]	Loss: 1.2451	Data Time: 0.02s	Train Time: 0.53s
2020-04-19 05:36:06 [INFO ]  Epoch:   27 [      0/   5452 ( 0%)]	Loss: 1.3981	Data Time: 0.02s	Train Time: 0.53s
2020-04-19 05:36:09 [INFO ]  Epoch:   28 [      0/   5452 ( 0%)]	Loss: 1.1987	Data Time: 0.02s	Train Time: 0.53s
2020-04-19 05:36:13 [INFO ]  Epoch:   29 [      0/   5452 ( 0%)]	Loss: 1.2459	Data Time: 0.02s	Train Time: 0.53s
2020-04-19 05:36:18 [INFO ]  Results saved to text_results/bilstm_trec_final_small_unk_softmax/distill_basic/trec6/arch(TextLSTM2,xavier,1.0)_distillLR1.5_E(200,30,0.5)_lr0.1_B1x1x2_train(unknown_init)/checkpoints/epoch0030/results.pth
2020-04-19 05:36:18 [INFO ]  
2020-04-19 05:36:18 [INFO ]  Begin of epoch 30 :
2020-04-19 05:36:20 [INFO ]  Begin of epoch 30  (20 unknown_init nets) test results: 
2020-04-19 05:36:20 [INFO ]  	          STEP                   ACCURACY                   LOSS          
2020-04-19 05:36:20 [INFO ]  	            before steps          13.8000 ± 7.92%            1.7931 ± 0.01
2020-04-19 05:36:20 [INFO ]  	     step  2 (lr=8.6937)          50.0300 ± 9.98%            1.2970 ± 0.11
2020-04-19 05:36:20 [INFO ]  
2020-04-19 05:36:20 [INFO ]  Epoch:   30 [      0/   5452 ( 0%)]	Loss: 1.2119	Data Time: 0.02s	Train Time: 0.52s
2020-04-19 05:36:24 [INFO ]  Epoch:   31 [      0/   5452 ( 0%)]	Loss: 1.3578	Data Time: 0.02s	Train Time: 0.54s
2020-04-19 05:36:27 [INFO ]  Epoch:   32 [      0/   5452 ( 0%)]	Loss: 1.3586	Data Time: 0.02s	Train Time: 0.53s
2020-04-19 05:36:30 [INFO ]  Epoch:   33 [      0/   5452 ( 0%)]	Loss: 1.2736	Data Time: 0.02s	Train Time: 0.53s
2020-04-19 05:36:34 [INFO ]  Epoch:   34 [      0/   5452 ( 0%)]	Loss: 1.1638	Data Time: 0.02s	Train Time: 0.54s
2020-04-19 05:36:37 [INFO ]  Epoch:   35 [      0/   5452 ( 0%)]	Loss: 1.2037	Data Time: 0.02s	Train Time: 0.52s
2020-04-19 05:36:40 [INFO ]  Epoch:   36 [      0/   5452 ( 0%)]	Loss: 1.2157	Data Time: 0.02s	Train Time: 0.54s
2020-04-19 05:36:43 [INFO ]  Epoch:   37 [      0/   5452 ( 0%)]	Loss: 1.2776	Data Time: 0.02s	Train Time: 0.52s
2020-04-19 05:36:47 [INFO ]  Epoch:   38 [      0/   5452 ( 0%)]	Loss: 1.1536	Data Time: 0.02s	Train Time: 0.52s
2020-04-19 05:36:50 [INFO ]  Epoch:   39 [      0/   5452 ( 0%)]	Loss: 1.1334	Data Time: 0.02s	Train Time: 0.53s
2020-04-19 05:36:55 [INFO ]  Results saved to text_results/bilstm_trec_final_small_unk_softmax/distill_basic/trec6/arch(TextLSTM2,xavier,1.0)_distillLR1.5_E(200,30,0.5)_lr0.1_B1x1x2_train(unknown_init)/checkpoints/epoch0040/results.pth
2020-04-19 05:36:55 [INFO ]  
2020-04-19 05:36:55 [INFO ]  Begin of epoch 40 :
2020-04-19 05:36:57 [INFO ]  Begin of epoch 40  (20 unknown_init nets) test results: 
2020-04-19 05:36:57 [INFO ]  	          STEP                   ACCURACY                   LOSS          
2020-04-19 05:36:57 [INFO ]  	            before steps          13.6400 ± 7.13%            1.7950 ± 0.01
2020-04-19 05:36:57 [INFO ]  	     step  2 (lr=9.9758)          55.8900 ± 6.60%            1.2305 ± 0.12
2020-04-19 05:36:57 [INFO ]  
2020-04-19 05:36:58 [INFO ]  Epoch:   40 [      0/   5452 ( 0%)]	Loss: 1.1033	Data Time: 0.02s	Train Time: 0.53s
2020-04-19 05:37:01 [INFO ]  Epoch:   41 [      0/   5452 ( 0%)]	Loss: 1.1353	Data Time: 0.02s	Train Time: 0.53s
2020-04-19 05:37:04 [INFO ]  Epoch:   42 [      0/   5452 ( 0%)]	Loss: 1.1159	Data Time: 0.02s	Train Time: 0.52s
2020-04-19 05:37:08 [INFO ]  Epoch:   43 [      0/   5452 ( 0%)]	Loss: 1.4234	Data Time: 0.02s	Train Time: 0.54s
2020-04-19 05:37:11 [INFO ]  Epoch:   44 [      0/   5452 ( 0%)]	Loss: 1.2680	Data Time: 0.02s	Train Time: 0.52s
2020-04-19 05:37:14 [INFO ]  Epoch:   45 [      0/   5452 ( 0%)]	Loss: 1.1143	Data Time: 0.02s	Train Time: 0.54s
2020-04-19 05:37:18 [INFO ]  Epoch:   46 [      0/   5452 ( 0%)]	Loss: 1.2684	Data Time: 0.02s	Train Time: 0.52s
2020-04-19 05:37:21 [INFO ]  Epoch:   47 [      0/   5452 ( 0%)]	Loss: 1.1215	Data Time: 0.02s	Train Time: 0.52s
2020-04-19 05:37:24 [INFO ]  Epoch:   48 [      0/   5452 ( 0%)]	Loss: 1.1533	Data Time: 0.02s	Train Time: 0.53s
2020-04-19 05:37:27 [INFO ]  Epoch:   49 [      0/   5452 ( 0%)]	Loss: 1.3273	Data Time: 0.02s	Train Time: 0.53s
2020-04-19 05:37:33 [INFO ]  Results saved to text_results/bilstm_trec_final_small_unk_softmax/distill_basic/trec6/arch(TextLSTM2,xavier,1.0)_distillLR1.5_E(200,30,0.5)_lr0.1_B1x1x2_train(unknown_init)/checkpoints/epoch0050/results.pth
2020-04-19 05:37:33 [INFO ]  
2020-04-19 05:37:33 [INFO ]  Begin of epoch 50 :
2020-04-19 05:37:35 [INFO ]  Begin of epoch 50  (20 unknown_init nets) test results: 
2020-04-19 05:37:35 [INFO ]  	          STEP                   ACCURACY                   LOSS          
2020-04-19 05:37:35 [INFO ]  	            before steps          14.7000 ± 9.60%            1.7929 ± 0.01
2020-04-19 05:37:35 [INFO ]  	     step  2 (lr=10.363)          59.1700 ± 7.41%            1.1552 ± 0.12
2020-04-19 05:37:35 [INFO ]  
2020-04-19 05:37:35 [INFO ]  Epoch:   50 [      0/   5452 ( 0%)]	Loss: 1.2163	Data Time: 0.02s	Train Time: 0.52s
2020-04-19 05:37:38 [INFO ]  Epoch:   51 [      0/   5452 ( 0%)]	Loss: 1.2361	Data Time: 0.02s	Train Time: 0.52s
2020-04-19 05:37:42 [INFO ]  Epoch:   52 [      0/   5452 ( 0%)]	Loss: 1.0650	Data Time: 0.02s	Train Time: 0.54s
2020-04-19 05:37:45 [INFO ]  Epoch:   53 [      0/   5452 ( 0%)]	Loss: 1.1169	Data Time: 0.02s	Train Time: 0.53s
2020-04-19 05:37:48 [INFO ]  Epoch:   54 [      0/   5452 ( 0%)]	Loss: 1.1691	Data Time: 0.02s	Train Time: 0.52s
2020-04-19 05:37:52 [INFO ]  Epoch:   55 [      0/   5452 ( 0%)]	Loss: 1.0202	Data Time: 0.02s	Train Time: 0.52s
2020-04-19 05:37:55 [INFO ]  Epoch:   56 [      0/   5452 ( 0%)]	Loss: 1.2802	Data Time: 0.02s	Train Time: 0.54s
2020-04-19 05:37:58 [INFO ]  Epoch:   57 [      0/   5452 ( 0%)]	Loss: 1.1159	Data Time: 0.02s	Train Time: 0.54s
2020-04-19 05:38:02 [INFO ]  Epoch:   58 [      0/   5452 ( 0%)]	Loss: 1.1154	Data Time: 0.02s	Train Time: 0.53s
2020-04-19 05:38:05 [INFO ]  Epoch:   59 [      0/   5452 ( 0%)]	Loss: 1.1745	Data Time: 0.02s	Train Time: 0.54s
2020-04-19 05:38:10 [INFO ]  Results saved to text_results/bilstm_trec_final_small_unk_softmax/distill_basic/trec6/arch(TextLSTM2,xavier,1.0)_distillLR1.5_E(200,30,0.5)_lr0.1_B1x1x2_train(unknown_init)/checkpoints/epoch0060/results.pth
2020-04-19 05:38:10 [INFO ]  
2020-04-19 05:38:10 [INFO ]  Begin of epoch 60 :
2020-04-19 05:38:12 [INFO ]  Begin of epoch 60  (20 unknown_init nets) test results: 
2020-04-19 05:38:12 [INFO ]  	          STEP                   ACCURACY                   LOSS          
2020-04-19 05:38:12 [INFO ]  	            before steps          16.8500 ± 6.51%            1.7933 ± 0.01
2020-04-19 05:38:12 [INFO ]  	     step  2 (lr=10.837)          58.6600 ± 6.96%            1.1468 ± 0.08
2020-04-19 05:38:12 [INFO ]  
2020-04-19 05:38:13 [INFO ]  Epoch:   60 [      0/   5452 ( 0%)]	Loss: 1.2447	Data Time: 0.02s	Train Time: 0.53s
2020-04-19 05:38:16 [INFO ]  Epoch:   61 [      0/   5452 ( 0%)]	Loss: 1.1343	Data Time: 0.02s	Train Time: 0.54s
2020-04-19 05:38:19 [INFO ]  Epoch:   62 [      0/   5452 ( 0%)]	Loss: 1.1801	Data Time: 0.02s	Train Time: 0.52s
2020-04-19 05:38:23 [INFO ]  Epoch:   63 [      0/   5452 ( 0%)]	Loss: 1.2825	Data Time: 0.02s	Train Time: 0.54s
2020-04-19 05:38:26 [INFO ]  Epoch:   64 [      0/   5452 ( 0%)]	Loss: 1.0984	Data Time: 0.02s	Train Time: 0.53s
2020-04-19 05:38:29 [INFO ]  Epoch:   65 [      0/   5452 ( 0%)]	Loss: 1.3776	Data Time: 0.02s	Train Time: 0.53s
2020-04-19 05:38:33 [INFO ]  Epoch:   66 [      0/   5452 ( 0%)]	Loss: 1.2515	Data Time: 0.02s	Train Time: 0.54s
2020-04-19 05:38:36 [INFO ]  Epoch:   67 [      0/   5452 ( 0%)]	Loss: 1.3086	Data Time: 0.02s	Train Time: 0.52s
2020-04-19 05:38:39 [INFO ]  Epoch:   68 [      0/   5452 ( 0%)]	Loss: 1.2808	Data Time: 0.02s	Train Time: 0.53s
2020-04-19 05:38:42 [INFO ]  Epoch:   69 [      0/   5452 ( 0%)]	Loss: 1.1195	Data Time: 0.02s	Train Time: 0.53s
2020-04-19 05:38:48 [INFO ]  Results saved to text_results/bilstm_trec_final_small_unk_softmax/distill_basic/trec6/arch(TextLSTM2,xavier,1.0)_distillLR1.5_E(200,30,0.5)_lr0.1_B1x1x2_train(unknown_init)/checkpoints/epoch0070/results.pth
2020-04-19 05:38:48 [INFO ]  
2020-04-19 05:38:48 [INFO ]  Begin of epoch 70 :
2020-04-19 05:38:50 [INFO ]  Begin of epoch 70  (20 unknown_init nets) test results: 
2020-04-19 05:38:50 [INFO ]  	          STEP                   ACCURACY                   LOSS          
2020-04-19 05:38:50 [INFO ]  	            before steps          14.3300 ± 9.41%            1.7948 ± 0.01
2020-04-19 05:38:50 [INFO ]  	     step  2 (lr=11.089)          58.7800 ± 9.46%            1.1448 ± 0.13
2020-04-19 05:38:50 [INFO ]  
2020-04-19 05:38:50 [INFO ]  Epoch:   70 [      0/   5452 ( 0%)]	Loss: 1.0870	Data Time: 0.02s	Train Time: 0.53s
2020-04-19 05:38:53 [INFO ]  Epoch:   71 [      0/   5452 ( 0%)]	Loss: 1.1348	Data Time: 0.02s	Train Time: 0.52s
2020-04-19 05:38:57 [INFO ]  Epoch:   72 [      0/   5452 ( 0%)]	Loss: 1.2899	Data Time: 0.02s	Train Time: 0.53s
2020-04-19 05:39:00 [INFO ]  Epoch:   73 [      0/   5452 ( 0%)]	Loss: 1.1923	Data Time: 0.02s	Train Time: 0.54s
2020-04-19 05:39:03 [INFO ]  Epoch:   74 [      0/   5452 ( 0%)]	Loss: 1.1487	Data Time: 0.02s	Train Time: 0.52s
2020-04-19 05:39:07 [INFO ]  Epoch:   75 [      0/   5452 ( 0%)]	Loss: 1.2118	Data Time: 0.02s	Train Time: 0.54s
2020-04-19 05:39:10 [INFO ]  Epoch:   76 [      0/   5452 ( 0%)]	Loss: 1.0605	Data Time: 0.02s	Train Time: 0.52s
2020-04-19 05:39:13 [INFO ]  Epoch:   77 [      0/   5452 ( 0%)]	Loss: 1.2984	Data Time: 0.02s	Train Time: 0.53s
2020-04-19 05:39:17 [INFO ]  Epoch:   78 [      0/   5452 ( 0%)]	Loss: 1.1799	Data Time: 0.02s	Train Time: 0.53s
2020-04-19 05:39:20 [INFO ]  Epoch:   79 [      0/   5452 ( 0%)]	Loss: 1.0491	Data Time: 0.02s	Train Time: 0.52s
2020-04-19 05:39:25 [INFO ]  Results saved to text_results/bilstm_trec_final_small_unk_softmax/distill_basic/trec6/arch(TextLSTM2,xavier,1.0)_distillLR1.5_E(200,30,0.5)_lr0.1_B1x1x2_train(unknown_init)/checkpoints/epoch0080/results.pth
2020-04-19 05:39:25 [INFO ]  
2020-04-19 05:39:25 [INFO ]  Begin of epoch 80 :
2020-04-19 05:39:27 [INFO ]  Begin of epoch 80  (20 unknown_init nets) test results: 
2020-04-19 05:39:27 [INFO ]  	          STEP                   ACCURACY                   LOSS          
2020-04-19 05:39:27 [INFO ]  	            before steps          18.7000 ± 5.19%            1.7912 ± 0.01
2020-04-19 05:39:27 [INFO ]  	     step  2 (lr=11.321)          57.7200 ± 8.50%            1.1495 ± 0.09
2020-04-19 05:39:27 [INFO ]  
2020-04-19 05:39:28 [INFO ]  Epoch:   80 [      0/   5452 ( 0%)]	Loss: 1.3214	Data Time: 0.02s	Train Time: 0.51s
2020-04-19 05:39:31 [INFO ]  Epoch:   81 [      0/   5452 ( 0%)]	Loss: 1.1856	Data Time: 0.02s	Train Time: 0.51s
2020-04-19 05:39:34 [INFO ]  Epoch:   82 [      0/   5452 ( 0%)]	Loss: 1.1449	Data Time: 0.02s	Train Time: 0.53s
2020-04-19 05:39:37 [INFO ]  Epoch:   83 [      0/   5452 ( 0%)]	Loss: 1.0739	Data Time: 0.02s	Train Time: 0.52s
2020-04-19 05:39:41 [INFO ]  Epoch:   84 [      0/   5452 ( 0%)]	Loss: 1.0931	Data Time: 0.02s	Train Time: 0.53s
2020-04-19 05:39:44 [INFO ]  Epoch:   85 [      0/   5452 ( 0%)]	Loss: 1.1783	Data Time: 0.02s	Train Time: 0.51s
2020-04-19 05:39:47 [INFO ]  Epoch:   86 [      0/   5452 ( 0%)]	Loss: 1.0055	Data Time: 0.02s	Train Time: 0.52s
2020-04-19 05:39:50 [INFO ]  Epoch:   87 [      0/   5452 ( 0%)]	Loss: 1.3721	Data Time: 0.02s	Train Time: 0.52s
2020-04-19 05:39:54 [INFO ]  Epoch:   88 [      0/   5452 ( 0%)]	Loss: 1.1518	Data Time: 0.02s	Train Time: 0.53s
2020-04-19 05:39:57 [INFO ]  Epoch:   89 [      0/   5452 ( 0%)]	Loss: 1.2172	Data Time: 0.02s	Train Time: 0.53s
2020-04-19 05:40:02 [INFO ]  Results saved to text_results/bilstm_trec_final_small_unk_softmax/distill_basic/trec6/arch(TextLSTM2,xavier,1.0)_distillLR1.5_E(200,30,0.5)_lr0.1_B1x1x2_train(unknown_init)/checkpoints/epoch0090/results.pth
2020-04-19 05:40:02 [INFO ]  
2020-04-19 05:40:02 [INFO ]  Begin of epoch 90 :
2020-04-19 05:40:04 [INFO ]  Begin of epoch 90  (20 unknown_init nets) test results: 
2020-04-19 05:40:04 [INFO ]  	          STEP                   ACCURACY                   LOSS          
2020-04-19 05:40:04 [INFO ]  	            before steps          14.7700 ±11.01%            1.7954 ± 0.01
2020-04-19 05:40:04 [INFO ]  	     step  2 (lr=11.544)          61.4300 ± 7.88%            1.0625 ± 0.10
2020-04-19 05:40:04 [INFO ]  
2020-04-19 05:40:05 [INFO ]  Epoch:   90 [      0/   5452 ( 0%)]	Loss: 1.1541	Data Time: 0.02s	Train Time: 0.51s
2020-04-19 05:40:08 [INFO ]  Epoch:   91 [      0/   5452 ( 0%)]	Loss: 1.1751	Data Time: 0.02s	Train Time: 0.53s
2020-04-19 05:40:11 [INFO ]  Epoch:   92 [      0/   5452 ( 0%)]	Loss: 1.3124	Data Time: 0.02s	Train Time: 0.51s
2020-04-19 05:40:14 [INFO ]  Epoch:   93 [      0/   5452 ( 0%)]	Loss: 1.0548	Data Time: 0.02s	Train Time: 0.53s
2020-04-19 05:40:18 [INFO ]  Epoch:   94 [      0/   5452 ( 0%)]	Loss: 1.0760	Data Time: 0.02s	Train Time: 0.53s
2020-04-19 05:40:21 [INFO ]  Epoch:   95 [      0/   5452 ( 0%)]	Loss: 1.1056	Data Time: 0.06s	Train Time: 0.52s
2020-04-19 05:40:24 [INFO ]  Epoch:   96 [      0/   5452 ( 0%)]	Loss: 1.0394	Data Time: 0.02s	Train Time: 0.52s
2020-04-19 05:40:27 [INFO ]  Epoch:   97 [      0/   5452 ( 0%)]	Loss: 1.1271	Data Time: 0.02s	Train Time: 0.52s
2020-04-19 05:40:31 [INFO ]  Epoch:   98 [      0/   5452 ( 0%)]	Loss: 1.1666	Data Time: 0.02s	Train Time: 0.52s
2020-04-19 05:40:34 [INFO ]  Epoch:   99 [      0/   5452 ( 0%)]	Loss: 1.1311	Data Time: 0.02s	Train Time: 0.53s
2020-04-19 05:40:39 [INFO ]  Results saved to text_results/bilstm_trec_final_small_unk_softmax/distill_basic/trec6/arch(TextLSTM2,xavier,1.0)_distillLR1.5_E(200,30,0.5)_lr0.1_B1x1x2_train(unknown_init)/checkpoints/epoch0100/results.pth
2020-04-19 05:40:39 [INFO ]  
2020-04-19 05:40:39 [INFO ]  Begin of epoch 100 :
2020-04-19 05:40:41 [INFO ]  Begin of epoch 100  (20 unknown_init nets) test results: 
2020-04-19 05:40:41 [INFO ]  	          STEP                   ACCURACY                   LOSS          
2020-04-19 05:40:41 [INFO ]  	            before steps          17.3400 ± 7.06%            1.7917 ± 0.01
2020-04-19 05:40:41 [INFO ]  	     step  2 (lr=11.652)          60.4800 ± 7.61%            1.0850 ± 0.09
2020-04-19 05:40:41 [INFO ]  
2020-04-19 05:40:42 [INFO ]  Epoch:  100 [      0/   5452 ( 0%)]	Loss: 1.2676	Data Time: 0.02s	Train Time: 0.52s
2020-04-19 05:40:45 [INFO ]  Epoch:  101 [      0/   5452 ( 0%)]	Loss: 1.1068	Data Time: 0.02s	Train Time: 0.53s
2020-04-19 05:40:48 [INFO ]  Epoch:  102 [      0/   5452 ( 0%)]	Loss: 1.1354	Data Time: 0.02s	Train Time: 0.54s
2020-04-19 05:40:51 [INFO ]  Epoch:  103 [      0/   5452 ( 0%)]	Loss: 1.0985	Data Time: 0.02s	Train Time: 0.52s
2020-04-19 05:40:55 [INFO ]  Epoch:  104 [      0/   5452 ( 0%)]	Loss: 1.0417	Data Time: 0.02s	Train Time: 0.53s
2020-04-19 05:40:58 [INFO ]  Epoch:  105 [      0/   5452 ( 0%)]	Loss: 1.1433	Data Time: 0.02s	Train Time: 0.54s
2020-04-19 05:41:01 [INFO ]  Epoch:  106 [      0/   5452 ( 0%)]	Loss: 1.0877	Data Time: 0.02s	Train Time: 0.51s
2020-04-19 05:41:05 [INFO ]  Epoch:  107 [      0/   5452 ( 0%)]	Loss: 1.0182	Data Time: 0.02s	Train Time: 0.54s
2020-04-19 05:41:08 [INFO ]  Epoch:  108 [      0/   5452 ( 0%)]	Loss: 1.1060	Data Time: 0.02s	Train Time: 0.54s
2020-04-19 05:41:11 [INFO ]  Epoch:  109 [      0/   5452 ( 0%)]	Loss: 1.0038	Data Time: 0.02s	Train Time: 0.52s
2020-04-19 05:41:17 [INFO ]  Results saved to text_results/bilstm_trec_final_small_unk_softmax/distill_basic/trec6/arch(TextLSTM2,xavier,1.0)_distillLR1.5_E(200,30,0.5)_lr0.1_B1x1x2_train(unknown_init)/checkpoints/epoch0110/results.pth
2020-04-19 05:41:17 [INFO ]  
2020-04-19 05:41:17 [INFO ]  Begin of epoch 110 :
2020-04-19 05:41:18 [INFO ]  Begin of epoch 110  (20 unknown_init nets) test results: 
2020-04-19 05:41:18 [INFO ]  	          STEP                   ACCURACY                   LOSS          
2020-04-19 05:41:18 [INFO ]  	            before steps          13.6400 ± 9.15%            1.7951 ± 0.01
2020-04-19 05:41:18 [INFO ]  	     step  2 (lr=11.738)          58.8400 ± 9.11%            1.1072 ± 0.11
2020-04-19 05:41:18 [INFO ]  
2020-04-19 05:41:19 [INFO ]  Epoch:  110 [      0/   5452 ( 0%)]	Loss: 1.2162	Data Time: 0.02s	Train Time: 0.53s
2020-04-19 05:41:22 [INFO ]  Epoch:  111 [      0/   5452 ( 0%)]	Loss: 1.0468	Data Time: 0.02s	Train Time: 0.52s
2020-04-19 05:41:25 [INFO ]  Epoch:  112 [      0/   5452 ( 0%)]	Loss: 1.0941	Data Time: 0.02s	Train Time: 0.52s
2020-04-19 05:41:29 [INFO ]  Epoch:  113 [      0/   5452 ( 0%)]	Loss: 1.0104	Data Time: 0.02s	Train Time: 0.54s
2020-04-19 05:41:32 [INFO ]  Epoch:  114 [      0/   5452 ( 0%)]	Loss: 1.0386	Data Time: 0.02s	Train Time: 0.52s
2020-04-19 05:41:35 [INFO ]  Epoch:  115 [      0/   5452 ( 0%)]	Loss: 0.9958	Data Time: 0.02s	Train Time: 0.52s
2020-04-19 05:41:39 [INFO ]  Epoch:  116 [      0/   5452 ( 0%)]	Loss: 1.2472	Data Time: 0.02s	Train Time: 0.53s
2020-04-19 05:41:42 [INFO ]  Epoch:  117 [      0/   5452 ( 0%)]	Loss: 1.0987	Data Time: 0.02s	Train Time: 0.51s
2020-04-19 05:41:45 [INFO ]  Epoch:  118 [      0/   5452 ( 0%)]	Loss: 1.0427	Data Time: 0.02s	Train Time: 0.52s
2020-04-19 05:41:48 [INFO ]  Epoch:  119 [      0/   5452 ( 0%)]	Loss: 1.5630	Data Time: 0.02s	Train Time: 0.53s
2020-04-19 05:41:54 [INFO ]  Results saved to text_results/bilstm_trec_final_small_unk_softmax/distill_basic/trec6/arch(TextLSTM2,xavier,1.0)_distillLR1.5_E(200,30,0.5)_lr0.1_B1x1x2_train(unknown_init)/checkpoints/epoch0120/results.pth
2020-04-19 05:41:54 [INFO ]  
2020-04-19 05:41:54 [INFO ]  Begin of epoch 120 :
2020-04-19 05:41:56 [INFO ]  Begin of epoch 120  (20 unknown_init nets) test results: 
2020-04-19 05:41:56 [INFO ]  	          STEP                   ACCURACY                   LOSS          
2020-04-19 05:41:56 [INFO ]  	            before steps          15.7300 ± 8.89%            1.7922 ± 0.01
2020-04-19 05:41:56 [INFO ]  	     step  2 (lr=11.876)          58.4500 ± 7.94%            1.1020 ± 0.14
2020-04-19 05:41:56 [INFO ]  
2020-04-19 05:41:56 [INFO ]  Epoch:  120 [      0/   5452 ( 0%)]	Loss: 1.1911	Data Time: 0.02s	Train Time: 0.52s
2020-04-19 05:41:59 [INFO ]  Epoch:  121 [      0/   5452 ( 0%)]	Loss: 1.1192	Data Time: 0.02s	Train Time: 0.54s
2020-04-19 05:42:03 [INFO ]  Epoch:  122 [      0/   5452 ( 0%)]	Loss: 1.0423	Data Time: 0.02s	Train Time: 0.52s
2020-04-19 05:42:06 [INFO ]  Epoch:  123 [      0/   5452 ( 0%)]	Loss: 1.1151	Data Time: 0.02s	Train Time: 0.53s
2020-04-19 05:42:09 [INFO ]  Epoch:  124 [      0/   5452 ( 0%)]	Loss: 1.0044	Data Time: 0.02s	Train Time: 0.54s
2020-04-19 05:42:13 [INFO ]  Epoch:  125 [      0/   5452 ( 0%)]	Loss: 1.1728	Data Time: 0.02s	Train Time: 0.52s
2020-04-19 05:42:16 [INFO ]  Epoch:  126 [      0/   5452 ( 0%)]	Loss: 1.0477	Data Time: 0.02s	Train Time: 0.53s
2020-04-19 05:42:19 [INFO ]  Epoch:  127 [      0/   5452 ( 0%)]	Loss: 1.0522	Data Time: 0.02s	Train Time: 0.54s
2020-04-19 05:42:23 [INFO ]  Epoch:  128 [      0/   5452 ( 0%)]	Loss: 0.9789	Data Time: 0.02s	Train Time: 0.52s
2020-04-19 05:42:26 [INFO ]  Epoch:  129 [      0/   5452 ( 0%)]	Loss: 1.0834	Data Time: 0.02s	Train Time: 0.52s
2020-04-19 05:42:31 [INFO ]  Results saved to text_results/bilstm_trec_final_small_unk_softmax/distill_basic/trec6/arch(TextLSTM2,xavier,1.0)_distillLR1.5_E(200,30,0.5)_lr0.1_B1x1x2_train(unknown_init)/checkpoints/epoch0130/results.pth
2020-04-19 05:42:31 [INFO ]  
2020-04-19 05:42:31 [INFO ]  Begin of epoch 130 :
2020-04-19 05:42:33 [INFO ]  Begin of epoch 130  (20 unknown_init nets) test results: 
2020-04-19 05:42:33 [INFO ]  	          STEP                   ACCURACY                   LOSS          
2020-04-19 05:42:33 [INFO ]  	            before steps          11.3500 ± 7.00%            1.7957 ± 0.01
2020-04-19 05:42:33 [INFO ]  	     step  2 (lr=11.980)          62.0100 ± 9.30%            1.0613 ± 0.12
2020-04-19 05:42:33 [INFO ]  
2020-04-19 05:42:33 [INFO ]  Epoch:  130 [      0/   5452 ( 0%)]	Loss: 1.5524	Data Time: 0.02s	Train Time: 0.52s
2020-04-19 05:42:37 [INFO ]  Epoch:  131 [      0/   5452 ( 0%)]	Loss: 1.0267	Data Time: 0.02s	Train Time: 0.52s
2020-04-19 05:42:40 [INFO ]  Epoch:  132 [      0/   5452 ( 0%)]	Loss: 1.1548	Data Time: 0.02s	Train Time: 0.54s
2020-04-19 05:42:43 [INFO ]  Epoch:  133 [      0/   5452 ( 0%)]	Loss: 1.0740	Data Time: 0.02s	Train Time: 0.52s
2020-04-19 05:42:47 [INFO ]  Epoch:  134 [      0/   5452 ( 0%)]	Loss: 1.0143	Data Time: 0.02s	Train Time: 0.52s
2020-04-19 05:42:50 [INFO ]  Epoch:  135 [      0/   5452 ( 0%)]	Loss: 1.0267	Data Time: 0.02s	Train Time: 0.53s
2020-04-19 05:42:53 [INFO ]  Epoch:  136 [      0/   5452 ( 0%)]	Loss: 1.2109	Data Time: 0.02s	Train Time: 0.51s
2020-04-19 05:42:56 [INFO ]  Epoch:  137 [      0/   5452 ( 0%)]	Loss: 1.2092	Data Time: 0.02s	Train Time: 0.52s
2020-04-19 05:43:00 [INFO ]  Epoch:  138 [      0/   5452 ( 0%)]	Loss: 1.1037	Data Time: 0.02s	Train Time: 0.54s
2020-04-19 05:43:03 [INFO ]  Epoch:  139 [      0/   5452 ( 0%)]	Loss: 1.0843	Data Time: 0.02s	Train Time: 0.52s
2020-04-19 05:43:08 [INFO ]  Results saved to text_results/bilstm_trec_final_small_unk_softmax/distill_basic/trec6/arch(TextLSTM2,xavier,1.0)_distillLR1.5_E(200,30,0.5)_lr0.1_B1x1x2_train(unknown_init)/checkpoints/epoch0140/results.pth
2020-04-19 05:43:08 [INFO ]  
2020-04-19 05:43:08 [INFO ]  Begin of epoch 140 :
2020-04-19 05:43:10 [INFO ]  Begin of epoch 140  (20 unknown_init nets) test results: 
2020-04-19 05:43:10 [INFO ]  	          STEP                   ACCURACY                   LOSS          
2020-04-19 05:43:10 [INFO ]  	            before steps          16.1200 ± 7.15%            1.7925 ± 0.01
2020-04-19 05:43:10 [INFO ]  	     step  2 (lr=12.023)          59.5200 ± 7.16%            1.0791 ± 0.08
2020-04-19 05:43:10 [INFO ]  
2020-04-19 05:43:11 [INFO ]  Epoch:  140 [      0/   5452 ( 0%)]	Loss: 1.1882	Data Time: 0.02s	Train Time: 0.53s
2020-04-19 05:43:14 [INFO ]  Epoch:  141 [      0/   5452 ( 0%)]	Loss: 1.2400	Data Time: 0.02s	Train Time: 0.52s
2020-04-19 05:43:17 [INFO ]  Epoch:  142 [      0/   5452 ( 0%)]	Loss: 1.2049	Data Time: 0.02s	Train Time: 0.54s
2020-04-19 05:43:21 [INFO ]  Epoch:  143 [      0/   5452 ( 0%)]	Loss: 1.0594	Data Time: 0.02s	Train Time: 0.53s
2020-04-19 05:43:24 [INFO ]  Epoch:  144 [      0/   5452 ( 0%)]	Loss: 1.4311	Data Time: 0.02s	Train Time: 0.52s
2020-04-19 05:43:27 [INFO ]  Epoch:  145 [      0/   5452 ( 0%)]	Loss: 1.1579	Data Time: 0.02s	Train Time: 0.53s
2020-04-19 05:43:30 [INFO ]  Epoch:  146 [      0/   5452 ( 0%)]	Loss: 1.2348	Data Time: 0.02s	Train Time: 0.54s
2020-04-19 05:43:34 [INFO ]  Epoch:  147 [      0/   5452 ( 0%)]	Loss: 1.0262	Data Time: 0.02s	Train Time: 0.52s
2020-04-19 05:43:37 [INFO ]  Epoch:  148 [      0/   5452 ( 0%)]	Loss: 1.0496	Data Time: 0.02s	Train Time: 0.53s
2020-04-19 05:43:40 [INFO ]  Epoch:  149 [      0/   5452 ( 0%)]	Loss: 1.1135	Data Time: 0.02s	Train Time: 0.53s
2020-04-19 05:43:46 [INFO ]  Results saved to text_results/bilstm_trec_final_small_unk_softmax/distill_basic/trec6/arch(TextLSTM2,xavier,1.0)_distillLR1.5_E(200,30,0.5)_lr0.1_B1x1x2_train(unknown_init)/checkpoints/epoch0150/results.pth
2020-04-19 05:43:46 [INFO ]  
2020-04-19 05:43:46 [INFO ]  Begin of epoch 150 :
2020-04-19 05:43:47 [INFO ]  Begin of epoch 150  (20 unknown_init nets) test results: 
2020-04-19 05:43:47 [INFO ]  	          STEP                   ACCURACY                   LOSS          
2020-04-19 05:43:47 [INFO ]  	            before steps          14.9200 ± 8.56%            1.7941 ± 0.01
2020-04-19 05:43:47 [INFO ]  	     step  2 (lr=12.040)          60.9100 ± 7.95%            1.0846 ± 0.12
2020-04-19 05:43:47 [INFO ]  
2020-04-19 05:43:48 [INFO ]  Epoch:  150 [      0/   5452 ( 0%)]	Loss: 1.0427	Data Time: 0.02s	Train Time: 0.53s
2020-04-19 05:43:51 [INFO ]  Epoch:  151 [      0/   5452 ( 0%)]	Loss: 1.0454	Data Time: 0.02s	Train Time: 0.54s
2020-04-19 05:43:54 [INFO ]  Epoch:  152 [      0/   5452 ( 0%)]	Loss: 0.9782	Data Time: 0.02s	Train Time: 0.52s
2020-04-19 05:43:58 [INFO ]  Epoch:  153 [      0/   5452 ( 0%)]	Loss: 1.0641	Data Time: 0.02s	Train Time: 0.52s
2020-04-19 05:44:01 [INFO ]  Epoch:  154 [      0/   5452 ( 0%)]	Loss: 1.0682	Data Time: 0.02s	Train Time: 0.54s
2020-04-19 05:44:04 [INFO ]  Epoch:  155 [      0/   5452 ( 0%)]	Loss: 1.1954	Data Time: 0.02s	Train Time: 0.51s
2020-04-19 05:44:08 [INFO ]  Epoch:  156 [      0/   5452 ( 0%)]	Loss: 1.1794	Data Time: 0.02s	Train Time: 0.53s
2020-04-19 05:44:11 [INFO ]  Epoch:  157 [      0/   5452 ( 0%)]	Loss: 1.0777	Data Time: 0.02s	Train Time: 0.54s
2020-04-19 05:44:14 [INFO ]  Epoch:  158 [      0/   5452 ( 0%)]	Loss: 1.0879	Data Time: 0.02s	Train Time: 0.53s
2020-04-19 05:44:17 [INFO ]  Epoch:  159 [      0/   5452 ( 0%)]	Loss: 1.0236	Data Time: 0.02s	Train Time: 0.53s
2020-04-19 05:44:23 [INFO ]  Results saved to text_results/bilstm_trec_final_small_unk_softmax/distill_basic/trec6/arch(TextLSTM2,xavier,1.0)_distillLR1.5_E(200,30,0.5)_lr0.1_B1x1x2_train(unknown_init)/checkpoints/epoch0160/results.pth
2020-04-19 05:44:23 [INFO ]  
2020-04-19 05:44:23 [INFO ]  Begin of epoch 160 :
2020-04-19 05:44:25 [INFO ]  Begin of epoch 160  (20 unknown_init nets) test results: 
2020-04-19 05:44:25 [INFO ]  	          STEP                   ACCURACY                   LOSS          
2020-04-19 05:44:25 [INFO ]  	            before steps          17.3300 ± 8.97%            1.7910 ± 0.01
2020-04-19 05:44:25 [INFO ]  	     step  2 (lr=12.081)          59.5100 ±10.11%            1.0933 ± 0.17
2020-04-19 05:44:25 [INFO ]  
2020-04-19 05:44:25 [INFO ]  Epoch:  160 [      0/   5452 ( 0%)]	Loss: 1.0284	Data Time: 0.02s	Train Time: 0.52s
2020-04-19 05:44:29 [INFO ]  Epoch:  161 [      0/   5452 ( 0%)]	Loss: 0.9842	Data Time: 0.02s	Train Time: 0.53s
2020-04-19 05:44:32 [INFO ]  Epoch:  162 [      0/   5452 ( 0%)]	Loss: 1.0311	Data Time: 0.02s	Train Time: 0.53s
2020-04-19 05:44:35 [INFO ]  Epoch:  163 [      0/   5452 ( 0%)]	Loss: 0.9836	Data Time: 0.02s	Train Time: 0.52s
2020-04-19 05:44:38 [INFO ]  Epoch:  164 [      0/   5452 ( 0%)]	Loss: 1.0850	Data Time: 0.02s	Train Time: 0.53s
2020-04-19 05:44:42 [INFO ]  Epoch:  165 [      0/   5452 ( 0%)]	Loss: 1.0973	Data Time: 0.02s	Train Time: 0.54s
2020-04-19 05:44:45 [INFO ]  Epoch:  166 [      0/   5452 ( 0%)]	Loss: 1.0364	Data Time: 0.02s	Train Time: 0.52s
2020-04-19 05:44:48 [INFO ]  Epoch:  167 [      0/   5452 ( 0%)]	Loss: 1.0267	Data Time: 0.02s	Train Time: 0.53s
2020-04-19 05:44:52 [INFO ]  Epoch:  168 [      0/   5452 ( 0%)]	Loss: 1.1331	Data Time: 0.02s	Train Time: 0.54s
2020-04-19 05:44:55 [INFO ]  Epoch:  169 [      0/   5452 ( 0%)]	Loss: 0.9362	Data Time: 0.02s	Train Time: 0.54s
2020-04-19 05:45:01 [INFO ]  Results saved to text_results/bilstm_trec_final_small_unk_softmax/distill_basic/trec6/arch(TextLSTM2,xavier,1.0)_distillLR1.5_E(200,30,0.5)_lr0.1_B1x1x2_train(unknown_init)/checkpoints/epoch0170/results.pth
2020-04-19 05:45:01 [INFO ]  
2020-04-19 05:45:01 [INFO ]  Begin of epoch 170 :
2020-04-19 05:45:02 [INFO ]  Begin of epoch 170  (20 unknown_init nets) test results: 
2020-04-19 05:45:02 [INFO ]  	          STEP                   ACCURACY                   LOSS          
2020-04-19 05:45:02 [INFO ]  	            before steps          17.3000 ± 9.47%            1.7919 ± 0.01
2020-04-19 05:45:02 [INFO ]  	     step  2 (lr=12.133)          61.1800 ± 6.02%            1.0637 ± 0.10
2020-04-19 05:45:02 [INFO ]  
2020-04-19 05:45:03 [INFO ]  Epoch:  170 [      0/   5452 ( 0%)]	Loss: 1.1260	Data Time: 0.02s	Train Time: 0.53s
2020-04-19 05:45:06 [INFO ]  Epoch:  171 [      0/   5452 ( 0%)]	Loss: 1.2010	Data Time: 0.02s	Train Time: 0.53s
2020-04-19 05:45:09 [INFO ]  Epoch:  172 [      0/   5452 ( 0%)]	Loss: 1.0993	Data Time: 0.02s	Train Time: 0.54s
2020-04-19 05:45:13 [INFO ]  Epoch:  173 [      0/   5452 ( 0%)]	Loss: 1.0465	Data Time: 0.02s	Train Time: 0.54s
2020-04-19 05:45:16 [INFO ]  Epoch:  174 [      0/   5452 ( 0%)]	Loss: 1.0195	Data Time: 0.02s	Train Time: 0.53s
2020-04-19 05:45:19 [INFO ]  Epoch:  175 [      0/   5452 ( 0%)]	Loss: 1.0879	Data Time: 0.02s	Train Time: 0.53s
2020-04-19 05:45:23 [INFO ]  Epoch:  176 [      0/   5452 ( 0%)]	Loss: 1.1281	Data Time: 0.02s	Train Time: 0.54s
2020-04-19 05:45:26 [INFO ]  Epoch:  177 [      0/   5452 ( 0%)]	Loss: 1.1279	Data Time: 0.02s	Train Time: 0.54s
2020-04-19 05:45:30 [INFO ]  Epoch:  178 [      0/   5452 ( 0%)]	Loss: 1.0216	Data Time: 0.02s	Train Time: 0.53s
2020-04-19 05:45:33 [INFO ]  Epoch:  179 [      0/   5452 ( 0%)]	Loss: 1.0792	Data Time: 0.02s	Train Time: 0.54s
2020-04-19 05:45:38 [INFO ]  Results saved to text_results/bilstm_trec_final_small_unk_softmax/distill_basic/trec6/arch(TextLSTM2,xavier,1.0)_distillLR1.5_E(200,30,0.5)_lr0.1_B1x1x2_train(unknown_init)/checkpoints/epoch0180/results.pth
2020-04-19 05:45:38 [INFO ]  
2020-04-19 05:45:38 [INFO ]  Begin of epoch 180 :
2020-04-19 05:45:40 [INFO ]  Begin of epoch 180  (20 unknown_init nets) test results: 
2020-04-19 05:45:40 [INFO ]  	          STEP                   ACCURACY                   LOSS          
2020-04-19 05:45:40 [INFO ]  	            before steps          17.5100 ± 8.86%            1.7924 ± 0.01
2020-04-19 05:45:40 [INFO ]  	     step  2 (lr=12.175)          62.1900 ± 8.48%            1.0670 ± 0.13
2020-04-19 05:45:40 [INFO ]  
2020-04-19 05:45:41 [INFO ]  Epoch:  180 [      0/   5452 ( 0%)]	Loss: 1.0265	Data Time: 0.02s	Train Time: 0.53s
2020-04-19 05:45:44 [INFO ]  Epoch:  181 [      0/   5452 ( 0%)]	Loss: 1.0155	Data Time: 0.02s	Train Time: 0.53s
2020-04-19 05:45:47 [INFO ]  Epoch:  182 [      0/   5452 ( 0%)]	Loss: 1.0263	Data Time: 0.02s	Train Time: 0.53s
2020-04-19 05:45:51 [INFO ]  Epoch:  183 [      0/   5452 ( 0%)]	Loss: 1.0192	Data Time: 0.02s	Train Time: 0.54s
2020-04-19 05:45:54 [INFO ]  Epoch:  184 [      0/   5452 ( 0%)]	Loss: 1.0592	Data Time: 0.02s	Train Time: 0.54s
2020-04-19 05:45:57 [INFO ]  Epoch:  185 [      0/   5452 ( 0%)]	Loss: 1.2387	Data Time: 0.02s	Train Time: 0.54s
2020-04-19 05:46:01 [INFO ]  Epoch:  186 [      0/   5452 ( 0%)]	Loss: 1.0603	Data Time: 0.02s	Train Time: 0.54s
2020-04-19 05:46:04 [INFO ]  Epoch:  187 [      0/   5452 ( 0%)]	Loss: 1.2290	Data Time: 0.02s	Train Time: 0.52s
2020-04-19 05:46:07 [INFO ]  Epoch:  188 [      0/   5452 ( 0%)]	Loss: 1.1870	Data Time: 0.02s	Train Time: 0.54s
2020-04-19 05:46:10 [INFO ]  Epoch:  189 [      0/   5452 ( 0%)]	Loss: 1.1650	Data Time: 0.02s	Train Time: 0.54s
2020-04-19 05:46:16 [INFO ]  Results saved to text_results/bilstm_trec_final_small_unk_softmax/distill_basic/trec6/arch(TextLSTM2,xavier,1.0)_distillLR1.5_E(200,30,0.5)_lr0.1_B1x1x2_train(unknown_init)/checkpoints/epoch0190/results.pth
2020-04-19 05:46:16 [INFO ]  
2020-04-19 05:46:16 [INFO ]  Begin of epoch 190 :
2020-04-19 05:46:18 [INFO ]  Begin of epoch 190  (20 unknown_init nets) test results: 
2020-04-19 05:46:18 [INFO ]  	          STEP                   ACCURACY                   LOSS          
2020-04-19 05:46:18 [INFO ]  	            before steps          19.0000 ± 6.73%            1.7904 ± 0.01
2020-04-19 05:46:18 [INFO ]  	     step  2 (lr=12.204)          61.3600 ± 7.47%            1.0569 ± 0.09
2020-04-19 05:46:18 [INFO ]  
2020-04-19 05:46:18 [INFO ]  Epoch:  190 [      0/   5452 ( 0%)]	Loss: 1.0721	Data Time: 0.02s	Train Time: 0.53s
2020-04-19 05:46:22 [INFO ]  Epoch:  191 [      0/   5452 ( 0%)]	Loss: 1.1759	Data Time: 0.02s	Train Time: 0.53s
2020-04-19 05:46:25 [INFO ]  Epoch:  192 [      0/   5452 ( 0%)]	Loss: 1.3948	Data Time: 0.02s	Train Time: 0.54s
2020-04-19 05:46:28 [INFO ]  Epoch:  193 [      0/   5452 ( 0%)]	Loss: 0.9805	Data Time: 0.02s	Train Time: 0.53s
2020-04-19 05:46:32 [INFO ]  Epoch:  194 [      0/   5452 ( 0%)]	Loss: 1.1020	Data Time: 0.02s	Train Time: 0.54s
2020-04-19 05:46:35 [INFO ]  Epoch:  195 [      0/   5452 ( 0%)]	Loss: 0.9746	Data Time: 0.02s	Train Time: 0.54s
2020-04-19 05:46:38 [INFO ]  Epoch:  196 [      0/   5452 ( 0%)]	Loss: 0.9766	Data Time: 0.02s	Train Time: 0.53s
2020-04-19 05:46:42 [INFO ]  Epoch:  197 [      0/   5452 ( 0%)]	Loss: 1.0109	Data Time: 0.02s	Train Time: 0.53s
2020-04-19 05:46:45 [INFO ]  Epoch:  198 [      0/   5452 ( 0%)]	Loss: 1.2415	Data Time: 0.02s	Train Time: 0.54s
2020-04-19 05:46:48 [INFO ]  Epoch:  199 [      0/   5452 ( 0%)]	Loss: 1.0290	Data Time: 0.02s	Train Time: 0.53s
2020-04-19 05:46:54 [INFO ]  Results saved to text_results/bilstm_trec_final_small_unk_softmax/distill_basic/trec6/arch(TextLSTM2,xavier,1.0)_distillLR1.5_E(200,30,0.5)_lr0.1_B1x1x2_train(unknown_init)/results.pth
2020-04-19 05:46:54 [INFO ]  
2020-04-19 05:46:54 [INFO ]  distilled with 1 steps and 2 epochs  (test ALL):
2020-04-19 05:46:55 [INFO ]  distilled with 1 steps and 2 epochs  (20 unknown_init nets) test results: 
2020-04-19 05:46:55 [INFO ]  	          STEP                   ACCURACY                   LOSS          
2020-04-19 05:46:55 [INFO ]  	            before steps          15.7700 ± 7.76%            1.7909 ± 0.01
2020-04-19 05:46:55 [INFO ]  	     step  2 (lr=12.228)          66.4100 ± 7.23%            0.9781 ± 0.07
2020-04-19 05:46:55 [INFO ]  
